TN:
SF:src/App.tsx
FN:33,(anonymous_9)
FN:37,(anonymous_10)
FN:65,(anonymous_11)
FN:66,(anonymous_12)
FN:80,(anonymous_13)
FN:88,(anonymous_14)
FN:95,(anonymous_15)
FN:107,(anonymous_16)
FN:114,(anonymous_17)
FN:120,(anonymous_18)
FN:126,(anonymous_19)
FN:131,(anonymous_20)
FN:136,(anonymous_21)
FN:192,(anonymous_22)
FN:194,(anonymous_23)
FN:327,(anonymous_24)
FN:328,(anonymous_25)
FN:351,(anonymous_26)
FNF:18
FNH:0
FNDA:0,(anonymous_9)
FNDA:0,(anonymous_10)
FNDA:0,(anonymous_11)
FNDA:0,(anonymous_12)
FNDA:0,(anonymous_13)
FNDA:0,(anonymous_14)
FNDA:0,(anonymous_15)
FNDA:0,(anonymous_16)
FNDA:0,(anonymous_17)
FNDA:0,(anonymous_18)
FNDA:0,(anonymous_19)
FNDA:0,(anonymous_20)
FNDA:0,(anonymous_21)
FNDA:0,(anonymous_22)
FNDA:0,(anonymous_23)
FNDA:0,(anonymous_24)
FNDA:0,(anonymous_25)
FNDA:0,(anonymous_26)
DA:1,0
DA:2,0
DA:12,0
DA:13,0
DA:14,0
DA:15,0
DA:16,0
DA:17,0
DA:18,0
DA:19,0
DA:20,0
DA:21,0
DA:22,0
DA:23,0
DA:24,0
DA:25,0
DA:33,0
DA:34,0
DA:35,0
DA:36,0
DA:37,0
DA:62,0
DA:65,0
DA:66,0
DA:67,0
DA:68,0
DA:70,0
DA:72,0
DA:76,0
DA:80,0
DA:81,0
DA:84,0
DA:88,0
DA:89,0
DA:90,0
DA:91,0
DA:95,0
DA:96,0
DA:97,0
DA:99,0
DA:101,0
DA:107,0
DA:108,0
DA:109,0
DA:114,0
DA:115,0
DA:116,0
DA:120,0
DA:121,0
DA:122,0
DA:126,0
DA:127,0
DA:131,0
DA:132,0
DA:136,0
DA:137,0
DA:138,0
DA:140,0
DA:143,0
DA:193,0
DA:194,0
DA:195,0
DA:197,0
DA:198,0
DA:202,0
DA:204,0
DA:206,0
DA:209,0
DA:211,0
DA:212,0
DA:213,0
DA:214,0
DA:216,0
DA:221,0
DA:224,0
DA:226,0
DA:229,0
DA:232,0
DA:234,0
DA:235,0
DA:236,0
DA:237,0
DA:238,0
DA:239,0
DA:240,0
DA:241,0
DA:327,0
DA:328,0
DA:351,0
DA:352,0
DA:362,0
LF:91
LH:0
BRDA:70,0,0,0
BRDA:96,1,0,0
BRDA:97,2,0,0
BRDA:97,2,1,0
BRDA:108,3,0,0
BRDA:108,4,0,0
BRDA:108,4,1,0
BRDA:122,5,0,0
BRDA:122,5,1,0
BRDA:137,6,0,0
BRDA:137,7,0,0
BRDA:137,7,1,0
BRDA:163,8,0,0
BRDA:163,8,1,0
BRDA:171,9,0,0
BRDA:171,9,1,0
BRDA:179,10,0,0
BRDA:179,10,1,0
BRDA:179,10,2,0
BRDA:189,11,0,0
BRDA:189,11,1,0
BRDA:189,11,2,0
BRDA:193,12,0,0
BRDA:195,13,0,0
BRDA:198,14,0,0
BRDA:198,14,1,0
BRDA:198,15,0,0
BRDA:198,15,1,0
BRDA:202,16,0,0
BRDA:202,16,1,0
BRDA:209,17,0,0
BRDA:209,17,1,0
BRDA:209,18,0,0
BRDA:209,18,1,0
BRDA:209,18,2,0
BRDA:229,19,0,0
BRDA:229,19,1,0
BRDA:251,20,0,0
BRDA:251,20,1,0
BRDA:251,20,2,0
BRDA:251,20,3,0
BRDA:258,21,0,0
BRDA:258,21,1,0
BRDA:261,22,0,0
BRDA:261,22,1,0
BRDA:263,23,0,0
BRDA:263,23,1,0
BRDA:267,24,0,0
BRDA:267,24,1,0
BRDA:269,25,0,0
BRDA:269,25,1,0
BRDA:275,26,0,0
BRDA:275,26,1,0
BRDA:281,27,0,0
BRDA:281,27,1,0
BRDA:290,28,0,0
BRDA:290,28,1,0
BRDA:292,29,0,0
BRDA:292,29,1,0
BRDA:296,30,0,0
BRDA:296,30,1,0
BRDA:298,31,0,0
BRDA:298,31,1,0
BRDA:302,32,0,0
BRDA:302,32,1,0
BRDA:304,33,0,0
BRDA:304,33,1,0
BRF:67
BRH:0
end_of_record
TN:
SF:src/theme.tsx
FN:168,(anonymous_9)
FN:169,(anonymous_10)
FN:174,(anonymous_11)
FN:189,(anonymous_12)
FN:199,(anonymous_13)
FN:201,(anonymous_14)
FN:208,(anonymous_15)
FN:227,(anonymous_16)
FNF:8
FNH:0
FNDA:0,(anonymous_9)
FNDA:0,(anonymous_10)
FNDA:0,(anonymous_11)
FNDA:0,(anonymous_12)
FNDA:0,(anonymous_13)
FNDA:0,(anonymous_14)
FNDA:0,(anonymous_15)
FNDA:0,(anonymous_16)
DA:1,0
DA:2,0
DA:5,0
DA:54,0
DA:103,0
DA:161,0
DA:168,0
DA:169,0
DA:170,0
DA:171,0
DA:174,0
DA:175,0
DA:177,0
DA:179,0
DA:181,0
DA:183,0
DA:187,0
DA:189,0
DA:190,0
DA:191,0
DA:192,0
DA:193,0
DA:195,0
DA:196,0
DA:199,0
DA:200,0
DA:201,0
DA:202,0
DA:203,0
DA:207,0
DA:208,0
DA:211,0
DA:217,0
DA:227,0
DA:228,0
DA:229,0
DA:230,0
DA:232,0
DA:236,0
LF:39
LH:0
BRDA:171,0,0,0
BRDA:171,0,1,0
BRDA:175,1,0,0
BRDA:175,1,1,0
BRDA:175,1,2,0
BRDA:175,1,3,0
BRDA:202,2,0,0
BRDA:203,3,0,0
BRDA:203,3,1,0
BRDA:229,4,0,0
BRF:10
BRH:0
end_of_record
TN:
SF:src/components/APIKeySetup.tsx
FN:34,(anonymous_9)
FN:40,(anonymous_10)
FN:72,(anonymous_11)
FN:120,(anonymous_12)
FN:130,(anonymous_13)
FNF:5
FNH:0
FNDA:0,(anonymous_9)
FNDA:0,(anonymous_10)
FNDA:0,(anonymous_11)
FNDA:0,(anonymous_12)
FNDA:0,(anonymous_13)
DA:1,0
DA:2,0
DA:15,0
DA:22,0
DA:34,0
DA:35,0
DA:36,0
DA:37,0
DA:38,0
DA:40,0
DA:41,0
DA:42,0
DA:43,0
DA:46,0
DA:47,0
DA:48,0
DA:51,0
DA:52,0
DA:54,0
DA:56,0
DA:57,0
DA:62,0
DA:63,0
DA:64,0
DA:66,0
DA:68,0
DA:72,0
DA:73,0
DA:74,0
DA:75,0
DA:78,0
DA:120,0
DA:130,0
LF:33
LH:0
BRDA:41,0,0,0
BRDA:46,1,0,0
BRDA:111,2,0,0
BRDA:111,2,1,0
BRDA:121,3,0,0
BRDA:121,3,1,0
BRDA:133,4,0,0
BRDA:133,4,1,0
BRDA:163,5,0,0
BRDA:163,5,1,0
BRDA:165,6,0,0
BRDA:165,6,1,0
BRF:12
BRH:0
end_of_record
TN:
SF:src/components/APISettings.tsx
FN:73,(anonymous_9)
FN:74,(anonymous_10)
FN:86,(anonymous_11)
FN:107,(anonymous_12)
FN:132,(anonymous_13)
FN:161,(anonymous_14)
FN:193,(anonymous_15)
FN:218,(anonymous_16)
FN:227,(anonymous_17)
FN:234,(anonymous_18)
FN:405,(anonymous_19)
FN:431,(anonymous_20)
FNF:12
FNH:0
FNDA:0,(anonymous_9)
FNDA:0,(anonymous_10)
FNDA:0,(anonymous_11)
FNDA:0,(anonymous_12)
FNDA:0,(anonymous_13)
FNDA:0,(anonymous_14)
FNDA:0,(anonymous_15)
FNDA:0,(anonymous_16)
FNDA:0,(anonymous_17)
FNDA:0,(anonymous_18)
FNDA:0,(anonymous_19)
FNDA:0,(anonymous_20)
DA:5,0
DA:6,0
DA:44,0
DA:59,0
DA:60,0
DA:73,0
DA:74,0
DA:75,0
DA:76,0
DA:77,0
DA:78,0
DA:79,0
DA:80,0
DA:83,0
DA:86,0
DA:87,0
DA:88,0
DA:89,0
DA:92,0
DA:93,0
DA:94,0
DA:95,0
DA:96,0
DA:97,0
DA:99,0
DA:107,0
DA:108,0
DA:109,0
DA:111,0
DA:113,0
DA:114,0
DA:117,0
DA:118,0
DA:119,0
DA:123,0
DA:131,0
DA:132,0
DA:133,0
DA:136,0
DA:137,0
DA:138,0
DA:140,0
DA:150,0
DA:151,0
DA:156,0
DA:161,0
DA:162,0
DA:163,0
DA:167,0
DA:170,0
DA:172,0
DA:174,0
DA:180,0
DA:181,0
DA:184,0
DA:185,0
DA:193,0
DA:194,0
DA:196,0
DA:197,0
DA:199,0
DA:205,0
DA:206,0
DA:209,0
DA:210,0
DA:218,0
DA:219,0
DA:220,0
DA:221,0
DA:227,0
DA:228,0
DA:229,0
DA:234,0
DA:235,0
DA:238,0
DA:405,0
DA:431,0
LF:77
LH:0
BRDA:87,0,0,0
BRDA:92,1,0,0
BRDA:94,2,0,0
BRDA:113,3,0,0
BRDA:118,4,0,0
BRDA:131,5,0,0
BRDA:133,6,0,0
BRDA:133,6,1,0
BRDA:138,7,0,0
BRDA:138,7,1,0
BRDA:144,8,0,0
BRDA:144,8,1,0
BRDA:153,9,0,0
BRDA:153,9,1,0
BRDA:162,10,0,0
BRDA:187,11,0,0
BRDA:187,11,1,0
BRDA:196,12,0,0
BRDA:212,13,0,0
BRDA:212,13,1,0
BRDA:282,14,0,0
BRDA:282,14,1,0
BRDA:291,15,0,0
BRDA:291,15,1,0
BRDA:307,16,0,0
BRDA:307,16,1,0
BRDA:318,17,0,0
BRDA:318,17,1,0
BRDA:321,18,0,0
BRDA:321,18,1,0
BRDA:336,19,0,0
BRDA:336,19,1,0
BRDA:338,20,0,0
BRDA:338,20,1,0
BRDA:340,21,0,0
BRDA:340,21,1,0
BRDA:343,22,0,0
BRDA:343,22,1,0
BRDA:359,23,0,0
BRDA:359,23,1,0
BRDA:365,24,0,0
BRDA:365,24,1,0
BRDA:378,25,0,0
BRDA:378,25,1,0
BRDA:383,26,0,0
BRDA:383,26,1,0
BRDA:425,27,0,0
BRDA:425,27,1,0
BRDA:469,28,0,0
BRDA:469,28,1,0
BRF:50
BRH:0
end_of_record
TN:
SF:src/components/AppFooter.tsx
FN:21,(anonymous_1)
FN:24,(anonymous_2)
FN:37,(anonymous_3)
FN:50,(anonymous_4)
FN:63,(anonymous_5)
FN:76,(anonymous_6)
FN:89,(anonymous_7)
FN:118,(anonymous_8)
FN:240,(anonymous_9)
FN:248,(anonymous_10)
FNF:10
FNH:0
FNDA:0,(anonymous_1)
FNDA:0,(anonymous_2)
FNDA:0,(anonymous_3)
FNDA:0,(anonymous_4)
FNDA:0,(anonymous_5)
FNDA:0,(anonymous_6)
FNDA:0,(anonymous_7)
FNDA:0,(anonymous_8)
FNDA:0,(anonymous_9)
FNDA:0,(anonymous_10)
DA:1,0
DA:2,0
DA:9,0
DA:15,0
DA:21,0
DA:22,0
DA:24,0
DA:25,0
DA:27,0
DA:29,0
DA:31,0
DA:33,0
DA:37,0
DA:38,0
DA:40,0
DA:42,0
DA:44,0
DA:46,0
DA:50,0
DA:51,0
DA:53,0
DA:55,0
DA:57,0
DA:59,0
DA:63,0
DA:64,0
DA:66,0
DA:68,0
DA:70,0
DA:72,0
DA:76,0
DA:77,0
DA:79,0
DA:81,0
DA:83,0
DA:85,0
DA:89,0
DA:90,0
DA:92,0
DA:98,0
DA:104,0
DA:110,0
DA:118,0
DA:119,0
DA:121,0
DA:130,0
DA:139,0
DA:148,0
DA:159,0
DA:240,0
DA:248,0
LF:51
LH:0
BRDA:25,0,0,0
BRDA:25,0,1,0
BRDA:25,0,2,0
BRDA:25,0,3,0
BRDA:38,1,0,0
BRDA:38,1,1,0
BRDA:38,1,2,0
BRDA:38,1,3,0
BRDA:51,2,0,0
BRDA:51,2,1,0
BRDA:51,2,2,0
BRDA:51,2,3,0
BRDA:64,3,0,0
BRDA:64,3,1,0
BRDA:64,3,2,0
BRDA:64,3,3,0
BRDA:77,4,0,0
BRDA:77,4,1,0
BRDA:77,4,2,0
BRDA:77,4,3,0
BRDA:90,5,0,0
BRDA:90,5,1,0
BRDA:90,5,2,0
BRDA:90,5,3,0
BRDA:119,6,0,0
BRDA:119,6,1,0
BRDA:119,6,2,0
BRDA:119,6,3,0
BRF:28
BRH:0
end_of_record
TN:
SF:src/components/AppHeader.tsx
FN:40,(anonymous_9)
FN:45,(anonymous_10)
FN:49,(anonymous_11)
FN:53,(anonymous_12)
FN:62,(anonymous_13)
FN:66,(anonymous_14)
FN:73,(anonymous_15)
FNF:7
FNH:5
FNDA:18,(anonymous_9)
FNDA:1,(anonymous_10)
FNDA:0,(anonymous_11)
FNDA:0,(anonymous_12)
FNDA:3,(anonymous_13)
FNDA:1,(anonymous_14)
FNDA:1,(anonymous_15)
DA:1,1
DA:2,1
DA:17,1
DA:26,1
DA:27,1
DA:28,1
DA:40,1
DA:41,18
DA:42,18
DA:43,18
DA:45,18
DA:46,1
DA:49,18
DA:50,0
DA:53,18
DA:54,0
DA:55,0
DA:56,0
DA:58,0
DA:62,18
DA:63,3
DA:66,18
DA:67,1
DA:68,1
DA:69,1
DA:73,18
DA:74,1
DA:77,18
LF:28
LH:23
BRDA:68,0,0,1
BRDA:81,1,0,0
BRDA:81,1,1,18
BRDA:83,2,0,18
BRDA:83,2,1,0
BRDA:86,3,0,0
BRDA:86,3,1,18
BRDA:88,4,0,18
BRDA:88,4,1,0
BRDA:157,5,0,0
BRDA:157,5,1,18
BRDA:157,6,0,18
BRDA:157,6,1,0
BRDA:171,7,0,0
BRDA:171,7,1,18
BRDA:171,8,0,18
BRDA:171,8,1,0
BRDA:176,9,0,18
BRDA:176,9,1,3
BRDA:177,10,0,1
BRDA:177,10,1,2
BRDA:177,11,0,0
BRDA:177,11,1,2
BRF:23
BRH:14
end_of_record
TN:
SF:src/components/AuthSetup.tsx
FN:40,(anonymous_9)
FN:52,(anonymous_10)
FN:60,(anonymous_11)
FN:85,(anonymous_12)
FN:110,(anonymous_13)
FN:194,(anonymous_14)
FN:204,(anonymous_15)
FN:251,(anonymous_16)
FN:262,(anonymous_17)
FNF:9
FNH:0
FNDA:0,(anonymous_9)
FNDA:0,(anonymous_10)
FNDA:0,(anonymous_11)
FNDA:0,(anonymous_12)
FNDA:0,(anonymous_13)
FNDA:0,(anonymous_14)
FNDA:0,(anonymous_15)
FNDA:0,(anonymous_16)
FNDA:0,(anonymous_17)
DA:1,0
DA:2,0
DA:20,0
DA:29,0
DA:40,0
DA:41,0
DA:42,0
DA:43,0
DA:44,0
DA:45,0
DA:46,0
DA:47,0
DA:49,0
DA:52,0
DA:53,0
DA:54,0
DA:55,0
DA:56,0
DA:60,0
DA:61,0
DA:62,0
DA:63,0
DA:66,0
DA:67,0
DA:69,0
DA:70,0
DA:72,0
DA:73,0
DA:75,0
DA:78,0
DA:80,0
DA:85,0
DA:86,0
DA:87,0
DA:88,0
DA:91,0
DA:92,0
DA:94,0
DA:95,0
DA:97,0
DA:98,0
DA:100,0
DA:103,0
DA:105,0
DA:110,0
DA:111,0
DA:112,0
DA:113,0
DA:115,0
DA:120,0
DA:194,0
DA:204,0
DA:251,0
DA:262,0
LF:54
LH:0
BRDA:61,0,0,0
BRDA:72,1,0,0
BRDA:72,1,1,0
BRDA:86,2,0,0
BRDA:97,3,0,0
BRDA:97,3,1,0
BRDA:111,4,0,0
BRDA:112,5,0,0
BRDA:112,5,1,0
BRDA:167,6,0,0
BRDA:167,6,1,0
BRDA:174,7,0,0
BRDA:174,7,1,0
BRDA:196,8,0,0
BRDA:196,8,1,0
BRDA:207,9,0,0
BRDA:207,9,1,0
BRDA:231,10,0,0
BRDA:231,10,1,0
BRDA:253,11,0,0
BRDA:253,11,1,0
BRDA:265,12,0,0
BRDA:265,12,1,0
BRDA:294,13,0,0
BRDA:294,13,1,0
BRDA:298,14,0,0
BRDA:298,14,1,0
BRDA:298,14,2,0
BRDA:298,14,3,0
BRDA:298,14,4,0
BRDA:302,15,0,0
BRDA:302,15,1,0
BRDA:305,16,0,0
BRDA:305,16,1,0
BRF:34
BRH:0
end_of_record
TN:
SF:src/components/ErrorBoundary.tsx
FN:17,(anonymous_9)
FN:46,(anonymous_10)
FN:70,(anonymous_11)
FN:78,(anonymous_12)
FN:26,(anonymous_13)
FN:34,(anonymous_14)
FN:82,(anonymous_15)
FNF:7
FNH:0
FNDA:0,(anonymous_9)
FNDA:0,(anonymous_10)
FNDA:0,(anonymous_11)
FNDA:0,(anonymous_12)
FNDA:0,(anonymous_13)
FNDA:0,(anonymous_14)
FNDA:0,(anonymous_15)
DA:1,0
DA:2,0
DA:3,0
DA:16,0
DA:18,0
DA:19,0
DA:27,0
DA:35,0
DA:37,0
DA:43,0
DA:46,0
DA:48,0
DA:58,0
DA:59,0
DA:60,0
DA:61,0
DA:62,0
DA:63,0
DA:70,0
DA:71,0
DA:78,0
DA:79,0
DA:83,0
DA:85,0
DA:86,0
DA:90,0
DA:168,0
LF:27
LH:0
BRDA:58,0,0,0
BRDA:83,1,0,0
BRDA:85,2,0,0
BRDA:140,3,0,0
BRDA:140,3,1,0
BRDA:140,3,2,0
BRF:6
BRH:0
end_of_record
TN:
SF:src/components/ErrorDisplay.tsx
FN:43,(anonymous_1)
FN:57,(anonymous_2)
FN:141,(anonymous_3)
FN:150,(anonymous_4)
FN:157,(anonymous_5)
FN:165,(anonymous_6)
FN:174,(anonymous_7)
FN:181,(anonymous_8)
FNF:8
FNH:0
FNDA:0,(anonymous_1)
FNDA:0,(anonymous_2)
FNDA:0,(anonymous_3)
FNDA:0,(anonymous_4)
FNDA:0,(anonymous_5)
FNDA:0,(anonymous_6)
FNDA:0,(anonymous_7)
FNDA:0,(anonymous_8)
DA:1,0
DA:2,0
DA:11,0
DA:36,0
DA:43,0
DA:54,0
DA:55,0
DA:57,0
DA:58,0
DA:61,0
DA:140,0
DA:141,0
DA:150,0
DA:157,0
DA:165,0
DA:174,0
DA:181,0
LF:17
LH:0
BRDA:50,0,0,0
BRDA:51,1,0,0
BRDA:67,2,0,0
BRDA:67,2,1,0
BRDA:67,2,2,0
BRDA:71,3,0,0
BRDA:71,3,1,0
BRDA:73,4,0,0
BRDA:73,4,1,0
BRDA:76,5,0,0
BRDA:76,5,1,0
BRDA:86,6,0,0
BRDA:86,6,1,0
BRDA:86,6,2,0
BRDA:103,7,0,0
BRDA:103,7,1,0
BRDA:103,8,0,0
BRDA:103,8,1,0
BRDA:103,8,2,0
BRDA:107,9,0,0
BRDA:107,9,1,0
BRDA:107,9,2,0
BRDA:130,10,0,0
BRDA:130,10,1,0
BRF:24
BRH:0
end_of_record
TN:
SF:src/components/FileUpload.tsx
FN:52,(anonymous_10)
FN:72,(anonymous_11)
FN:88,(anonymous_12)
FN:140,(anonymous_13)
FN:145,(anonymous_14)
FN:157,(anonymous_15)
FN:185,(anonymous_16)
FN:186,(anonymous_17)
FN:194,(anonymous_18)
FN:199,(anonymous_19)
FN:216,(anonymous_20)
FN:263,(anonymous_21)
FN:280,(anonymous_22)
FN:314,(anonymous_23)
FN:315,(anonymous_24)
FN:392,(anonymous_25)
FN:411,(anonymous_26)
FN:412,(anonymous_27)
FN:442,(anonymous_28)
FN:458,(anonymous_29)
FN:466,(anonymous_30)
FN:472,(anonymous_31)
FN:478,(anonymous_32)
FN:484,(anonymous_33)
FN:488,(anonymous_34)
FN:503,(anonymous_35)
FN:538,(anonymous_36)
FN:543,(anonymous_37)
FN:548,(anonymous_38)
FN:572,(anonymous_39)
FN:580,(anonymous_40)
FN:597,(anonymous_41)
FN:610,(anonymous_42)
FN:619,(anonymous_43)
FN:630,(anonymous_44)
FN:639,(anonymous_45)
FN:646,(anonymous_46)
FN:677,(anonymous_47)
FN:759,(anonymous_48)
FN:760,(anonymous_49)
FN:766,(anonymous_50)
FN:769,(anonymous_51)
FN:825,(anonymous_52)
FN:877,(anonymous_53)
FNF:44
FNH:8
FNDA:19,(anonymous_10)
FNDA:0,(anonymous_11)
FNDA:0,(anonymous_12)
FNDA:0,(anonymous_13)
FNDA:0,(anonymous_14)
FNDA:0,(anonymous_15)
FNDA:0,(anonymous_16)
FNDA:0,(anonymous_17)
FNDA:0,(anonymous_18)
FNDA:0,(anonymous_19)
FNDA:0,(anonymous_20)
FNDA:0,(anonymous_21)
FNDA:0,(anonymous_22)
FNDA:0,(anonymous_23)
FNDA:0,(anonymous_24)
FNDA:0,(anonymous_25)
FNDA:0,(anonymous_26)
FNDA:0,(anonymous_27)
FNDA:0,(anonymous_28)
FNDA:0,(anonymous_29)
FNDA:0,(anonymous_30)
FNDA:0,(anonymous_31)
FNDA:0,(anonymous_32)
FNDA:0,(anonymous_33)
FNDA:0,(anonymous_34)
FNDA:0,(anonymous_35)
FNDA:1,(anonymous_36)
FNDA:0,(anonymous_37)
FNDA:0,(anonymous_38)
FNDA:0,(anonymous_39)
FNDA:0,(anonymous_40)
FNDA:0,(anonymous_41)
FNDA:0,(anonymous_42)
FNDA:1,(anonymous_43)
FNDA:19,(anonymous_44)
FNDA:10,(anonymous_45)
FNDA:10,(anonymous_46)
FNDA:0,(anonymous_47)
FNDA:0,(anonymous_48)
FNDA:0,(anonymous_49)
FNDA:0,(anonymous_50)
FNDA:0,(anonymous_51)
FNDA:1,(anonymous_52)
FNDA:247,(anonymous_53)
DA:1,1
DA:2,1
DA:21,1
DA:39,1
DA:52,1
DA:63,19
DA:64,19
DA:65,19
DA:66,19
DA:67,19
DA:68,19
DA:69,19
DA:72,19
DA:73,0
DA:74,0
DA:76,0
DA:77,0
DA:78,0
DA:80,0
DA:81,0
DA:82,0
DA:84,0
DA:88,19
DA:89,0
DA:90,0
DA:91,0
DA:94,0
DA:95,0
DA:99,0
DA:100,0
DA:101,0
DA:102,0
DA:104,0
DA:105,0
DA:106,0
DA:107,0
DA:112,0
DA:113,0
DA:117,0
DA:118,0
DA:122,0
DA:123,0
DA:126,0
DA:127,0
DA:128,0
DA:129,0
DA:133,0
DA:134,0
DA:138,0
DA:140,0
DA:145,0
DA:157,19
DA:158,0
DA:159,0
DA:160,0
DA:163,0
DA:165,0
DA:166,0
DA:167,0
DA:171,0
DA:172,0
DA:174,0
DA:178,0
DA:179,0
DA:180,0
DA:183,0
DA:185,0
DA:186,0
DA:187,0
DA:188,0
DA:189,0
DA:192,0
DA:195,0
DA:196,0
DA:197,0
DA:200,0
DA:201,0
DA:202,0
DA:203,0
DA:208,0
DA:209,0
DA:216,19
DA:217,0
DA:219,0
DA:220,0
DA:222,0
DA:223,0
DA:224,0
DA:225,0
DA:226,0
DA:230,0
DA:231,0
DA:232,0
DA:233,0
DA:235,0
DA:239,0
DA:240,0
DA:242,0
DA:243,0
DA:244,0
DA:246,0
DA:247,0
DA:248,0
DA:250,0
DA:251,0
DA:252,0
DA:254,0
DA:257,0
DA:258,0
DA:263,19
DA:264,0
DA:267,0
DA:268,0
DA:275,0
DA:276,0
DA:277,0
DA:279,0
DA:280,0
DA:281,0
DA:285,0
DA:286,0
DA:287,0
DA:288,0
DA:289,0
DA:290,0
DA:293,0
DA:296,0
DA:297,0
DA:300,0
DA:301,0
DA:302,0
DA:305,0
DA:306,0
DA:307,0
DA:309,0
DA:310,0
DA:311,0
DA:314,0
DA:315,0
DA:316,0
DA:317,0
DA:318,0
DA:321,0
DA:322,0
DA:327,0
DA:328,0
DA:329,0
DA:331,0
DA:333,0
DA:334,0
DA:337,0
DA:339,0
DA:342,0
DA:344,0
DA:346,0
DA:348,0
DA:350,0
DA:351,0
DA:355,0
DA:374,0
DA:382,0
DA:385,0
DA:386,0
DA:392,0
DA:393,0
DA:394,0
DA:395,0
DA:398,0
DA:399,0
DA:400,0
DA:404,0
DA:405,0
DA:406,0
DA:411,19
DA:412,0
DA:414,0
DA:415,0
DA:416,0
DA:417,0
DA:421,0
DA:422,0
DA:423,0
DA:427,0
DA:428,0
DA:433,0
DA:434,0
DA:437,0
DA:438,0
DA:439,0
DA:442,0
DA:443,0
DA:444,0
DA:445,0
DA:447,0
DA:448,0
DA:449,0
DA:450,0
DA:451,0
DA:452,0
DA:453,0
DA:454,0
DA:458,0
DA:459,0
DA:460,0
DA:461,0
DA:462,0
DA:466,0
DA:467,0
DA:468,0
DA:472,0
DA:473,0
DA:474,0
DA:478,0
DA:479,0
DA:480,0
DA:484,0
DA:485,0
DA:488,0
DA:489,0
DA:490,0
DA:491,0
DA:495,0
DA:496,0
DA:497,0
DA:498,0
DA:499,0
DA:502,0
DA:503,0
DA:504,0
DA:509,0
DA:512,0
DA:514,0
DA:515,0
DA:516,0
DA:517,0
DA:520,0
DA:521,0
DA:522,0
DA:523,0
DA:524,0
DA:525,0
DA:528,0
DA:531,0
DA:532,0
DA:538,19
DA:539,1
DA:540,1
DA:543,19
DA:544,0
DA:545,0
DA:548,19
DA:549,0
DA:550,0
DA:552,0
DA:553,0
DA:554,0
DA:555,0
DA:558,0
DA:559,0
DA:563,0
DA:566,0
DA:567,0
DA:572,19
DA:573,0
DA:574,0
DA:575,0
DA:580,19
DA:581,0
DA:582,0
DA:585,0
DA:586,0
DA:587,0
DA:588,0
DA:592,0
DA:593,0
DA:594,0
DA:595,0
DA:596,0
DA:597,0
DA:598,0
DA:599,0
DA:600,0
DA:602,0
DA:605,0
DA:606,0
DA:608,0
DA:610,0
DA:611,0
DA:612,0
DA:614,0
DA:619,19
DA:620,1
DA:621,1
DA:622,1
DA:624,1
DA:625,1
DA:630,19
DA:631,19
DA:632,19
DA:633,19
DA:634,19
DA:635,19
DA:639,19
DA:640,10
DA:641,10
DA:642,10
DA:643,10
DA:646,19
DA:647,10
DA:648,10
DA:650,10
DA:651,10
DA:653,0
DA:654,0
DA:656,0
DA:657,0
DA:659,0
DA:660,0
DA:662,0
DA:663,0
DA:665,0
DA:668,19
DA:678,0
DA:759,0
DA:761,0
DA:762,0
DA:763,0
DA:764,0
DA:767,0
DA:770,0
DA:825,1
DA:877,247
LF:332
LH:50
BRDA:55,0,0,19
BRDA:56,1,0,19
BRDA:74,2,0,0
BRDA:80,3,0,0
BRDA:81,4,0,0
BRDA:82,5,0,0
BRDA:94,6,0,0
BRDA:100,7,0,0
BRDA:100,7,1,0
BRDA:100,8,0,0
BRDA:100,8,1,0
BRDA:102,9,0,0
BRDA:102,10,0,0
BRDA:102,10,1,0
BRDA:104,11,0,0
BRDA:104,11,1,0
BRDA:106,12,0,0
BRDA:112,13,0,0
BRDA:117,14,0,0
BRDA:122,15,0,0
BRDA:122,15,1,0
BRDA:126,16,0,0
BRDA:133,17,0,0
BRDA:159,18,0,0
BRDA:160,19,0,0
BRDA:163,20,0,0
BRDA:163,21,0,0
BRDA:163,21,1,0
BRDA:167,22,0,0
BRDA:167,22,1,0
BRDA:174,23,0,0
BRDA:174,23,1,0
BRDA:178,24,0,0
BRDA:220,25,0,0
BRDA:220,25,1,0
BRDA:225,26,0,0
BRDA:225,27,0,0
BRDA:225,27,1,0
BRDA:239,28,0,0
BRDA:239,28,1,0
BRDA:240,29,0,0
BRDA:240,29,1,0
BRDA:243,30,0,0
BRDA:243,30,1,0
BRDA:244,31,0,0
BRDA:244,31,1,0
BRDA:247,32,0,0
BRDA:247,32,1,0
BRDA:248,33,0,0
BRDA:248,33,1,0
BRDA:248,34,0,0
BRDA:248,34,1,0
BRDA:267,35,0,0
BRDA:279,36,0,0
BRDA:285,37,0,0
BRDA:285,37,1,0
BRDA:285,38,0,0
BRDA:285,38,1,0
BRDA:288,39,0,0
BRDA:296,40,0,0
BRDA:316,41,0,0
BRDA:321,42,0,0
BRDA:321,42,1,0
BRDA:324,43,0,0
BRDA:324,43,1,0
BRDA:331,44,0,0
BRDA:331,44,1,0
BRDA:339,45,0,0
BRDA:339,45,1,0
BRDA:339,46,0,0
BRDA:339,46,1,0
BRDA:360,47,0,0
BRDA:360,47,1,0
BRDA:361,48,0,0
BRDA:361,48,1,0
BRDA:368,49,0,0
BRDA:368,49,1,0
BRDA:370,50,0,0
BRDA:370,50,1,0
BRDA:385,51,0,0
BRDA:385,51,1,0
BRDA:405,52,0,0
BRDA:405,52,1,0
BRDA:415,53,0,0
BRDA:421,54,0,0
BRDA:421,55,0,0
BRDA:421,55,1,0
BRDA:427,56,0,0
BRDA:443,57,0,0
BRDA:453,58,0,0
BRDA:459,59,0,0
BRDA:462,60,0,0
BRDA:462,60,1,0
BRDA:467,61,0,0
BRDA:467,62,0,0
BRDA:467,62,1,0
BRDA:467,62,2,0
BRDA:473,63,0,0
BRDA:473,64,0,0
BRDA:473,64,1,0
BRDA:473,64,2,0
BRDA:479,65,0,0
BRDA:479,66,0,0
BRDA:479,66,1,0
BRDA:479,66,2,0
BRDA:489,67,0,0
BRDA:489,67,1,0
BRDA:502,68,0,0
BRDA:502,68,1,0
BRDA:514,69,0,0
BRDA:514,70,0,0
BRDA:514,70,1,0
BRDA:554,71,0,0
BRDA:558,72,0,0
BRDA:574,73,0,0
BRDA:574,74,0,0
BRDA:574,74,1,0
BRDA:581,75,0,0
BRDA:581,76,0,0
BRDA:581,76,1,0
BRDA:585,77,0,0
BRDA:592,78,0,0
BRDA:592,78,1,0
BRDA:592,79,0,0
BRDA:592,79,1,0
BRDA:592,79,2,0
BRDA:595,80,0,0
BRDA:608,81,0,0
BRDA:608,82,0,0
BRDA:608,82,1,0
BRDA:620,83,0,1
BRDA:621,84,0,1
BRDA:631,85,0,0
BRDA:640,86,0,0
BRDA:648,87,0,0
BRDA:650,88,0,10
BRDA:653,89,0,0
BRDA:656,90,0,0
BRDA:659,91,0,0
BRDA:662,92,0,0
BRDA:671,93,0,19
BRDA:671,93,1,0
BRDA:687,94,0,19
BRDA:687,94,1,10
BRDA:715,95,0,10
BRDA:715,95,1,0
BRDA:722,96,0,10
BRDA:722,96,1,1
BRDA:722,96,2,1
BRDA:732,97,0,10
BRDA:732,97,1,10
BRDA:741,98,0,0
BRDA:741,98,1,10
BRDA:756,99,0,10
BRDA:756,99,1,10
BRDA:762,100,0,0
BRDA:762,100,1,0
BRDA:782,101,0,19
BRDA:782,101,1,0
BRDA:809,102,0,19
BRDA:809,102,1,9
BRDA:809,102,2,9
BRDA:813,103,0,1
BRDA:813,103,1,8
BRDA:814,104,0,1
BRDA:814,104,1,8
BRDA:831,105,0,1
BRDA:831,105,1,8
BRF:168
BRH:27
end_of_record
TN:
SF:src/components/InfographicGenerator.tsx
FN:58,(anonymous_9)
FN:86,(anonymous_10)
FN:88,(anonymous_11)
FN:106,(anonymous_12)
FN:107,(anonymous_13)
FN:121,(anonymous_14)
FN:123,(anonymous_15)
FN:136,(anonymous_16)
FN:140,(anonymous_17)
FN:153,(anonymous_18)
FN:155,(anonymous_19)
FN:164,(anonymous_20)
FN:165,(anonymous_21)
FN:167,(anonymous_22)
FN:174,(anonymous_23)
FN:180,(anonymous_24)
FN:237,(anonymous_25)
FN:254,(anonymous_26)
FN:314,(anonymous_27)
FN:341,(anonymous_28)
FN:367,(anonymous_29)
FN:369,(anonymous_30)
FN:396,(anonymous_31)
FN:396,(anonymous_32)
FN:429,(anonymous_33)
FN:429,(anonymous_34)
FN:487,(anonymous_35)
FN:491,(anonymous_36)
FN:511,(anonymous_37)
FN:511,(anonymous_38)
FN:573,(anonymous_39)
FN:599,(anonymous_40)
FN:618,(anonymous_41)
FNF:33
FNH:0
FNDA:0,(anonymous_9)
FNDA:0,(anonymous_10)
FNDA:0,(anonymous_11)
FNDA:0,(anonymous_12)
FNDA:0,(anonymous_13)
FNDA:0,(anonymous_14)
FNDA:0,(anonymous_15)
FNDA:0,(anonymous_16)
FNDA:0,(anonymous_17)
FNDA:0,(anonymous_18)
FNDA:0,(anonymous_19)
FNDA:0,(anonymous_20)
FNDA:0,(anonymous_21)
FNDA:0,(anonymous_22)
FNDA:0,(anonymous_23)
FNDA:0,(anonymous_24)
FNDA:0,(anonymous_25)
FNDA:0,(anonymous_26)
FNDA:0,(anonymous_27)
FNDA:0,(anonymous_28)
FNDA:0,(anonymous_29)
FNDA:0,(anonymous_30)
FNDA:0,(anonymous_31)
FNDA:0,(anonymous_32)
FNDA:0,(anonymous_33)
FNDA:0,(anonymous_34)
FNDA:0,(anonymous_35)
FNDA:0,(anonymous_36)
FNDA:0,(anonymous_37)
FNDA:0,(anonymous_38)
FNDA:0,(anonymous_39)
FNDA:0,(anonymous_40)
FNDA:0,(anonymous_41)
DA:5,0
DA:6,0
DA:31,0
DA:49,0
DA:50,0
DA:51,0
DA:58,0
DA:62,0
DA:65,0
DA:77,0
DA:78,0
DA:79,0
DA:80,0
DA:81,0
DA:82,0
DA:83,0
DA:86,0
DA:87,0
DA:88,0
DA:106,0
DA:107,0
DA:121,0
DA:122,0
DA:123,0
DA:136,0
DA:137,0
DA:138,0
DA:139,0
DA:140,0
DA:153,0
DA:154,0
DA:155,0
DA:164,0
DA:165,0
DA:167,0
DA:174,0
DA:175,0
DA:176,0
DA:177,0
DA:179,0
DA:180,0
DA:181,0
DA:189,0
DA:199,0
DA:200,0
DA:202,0
DA:205,0
DA:207,0
DA:208,0
DA:209,0
DA:210,0
DA:211,0
DA:212,0
DA:213,0
DA:214,0
DA:215,0
DA:216,0
DA:217,0
DA:218,0
DA:219,0
DA:220,0
DA:221,0
DA:223,0
DA:227,0
DA:229,0
DA:230,0
DA:237,0
DA:238,0
DA:240,0
DA:241,0
DA:242,0
DA:243,0
DA:244,0
DA:245,0
DA:246,0
DA:247,0
DA:248,0
DA:254,0
DA:255,0
DA:257,0
DA:258,0
DA:260,0
DA:262,0
DA:270,0
DA:271,0
DA:274,0
DA:285,0
DA:288,0
DA:292,0
DA:314,0
DA:341,0
DA:368,0
DA:369,0
DA:396,0
DA:429,0
DA:488,0
DA:491,0
DA:511,0
DA:573,0
DA:599,0
DA:618,0
LF:101
LH:0
BRDA:87,0,0,0
BRDA:111,1,0,0
BRDA:111,1,1,0
BRDA:112,2,0,0
BRDA:112,2,1,0
BRDA:113,3,0,0
BRDA:113,3,1,0
BRDA:122,4,0,0
BRDA:138,5,0,0
BRDA:154,6,0,0
BRDA:154,6,1,0
BRDA:157,7,0,0
BRDA:157,7,1,0
BRDA:167,8,0,0
BRDA:167,8,1,0
BRDA:184,9,0,0
BRDA:184,9,1,0
BRDA:184,10,0,0
BRDA:184,10,1,0
BRDA:207,11,0,0
BRDA:208,12,0,0
BRDA:208,12,1,0
BRDA:210,13,0,0
BRDA:210,13,1,0
BRDA:212,14,0,0
BRDA:212,14,1,0
BRDA:214,15,0,0
BRDA:214,15,1,0
BRDA:216,16,0,0
BRDA:216,16,1,0
BRDA:216,17,0,0
BRDA:216,17,1,0
BRDA:218,18,0,0
BRDA:218,18,1,0
BRDA:218,19,0,0
BRDA:218,19,1,0
BRDA:220,20,0,0
BRDA:220,20,1,0
BRDA:220,21,0,0
BRDA:220,21,1,0
BRDA:238,22,0,0
BRDA:255,23,0,0
BRDA:260,24,0,0
BRDA:260,24,1,0
BRDA:267,25,0,0
BRDA:267,25,1,0
BRDA:280,26,0,0
BRDA:280,26,1,0
BRDA:288,27,0,0
BRDA:288,27,1,0
BRDA:319,28,0,0
BRDA:319,28,1,0
BRDA:319,29,0,0
BRDA:319,29,1,0
BRDA:334,30,0,0
BRDA:334,30,1,0
BRDA:349,31,0,0
BRDA:349,31,1,0
BRDA:364,32,0,0
BRDA:364,32,1,0
BRDA:485,33,0,0
BRDA:485,33,1,0
BRDA:485,33,2,0
BRDA:494,34,0,0
BRDA:494,34,1,0
BRDA:495,35,0,0
BRDA:495,35,1,0
BRDA:520,36,0,0
BRDA:520,36,1,0
BRDA:523,37,0,0
BRDA:523,37,1,0
BRDA:539,38,0,0
BRDA:539,38,1,0
BRDA:546,39,0,0
BRDA:546,39,1,0
BRDA:550,40,0,0
BRDA:550,40,1,0
BRDA:556,41,0,0
BRDA:556,41,1,0
BRDA:563,42,0,0
BRDA:563,42,1,0
BRDA:605,43,0,0
BRDA:605,43,1,0
BRF:83
BRH:0
end_of_record
TN:
SF:src/components/ProcessingOptions.tsx
FN:145,(anonymous_9)
FN:151,(anonymous_10)
FN:171,(anonymous_11)
FN:192,(anonymous_12)
FN:196,(anonymous_13)
FN:200,(anonymous_14)
FN:205,(anonymous_15)
FN:209,(anonymous_16)
FN:219,(anonymous_17)
FN:237,(anonymous_18)
FN:249,(anonymous_19)
FN:268,(anonymous_20)
FN:284,(anonymous_21)
FN:289,(anonymous_22)
FN:309,(anonymous_23)
FN:311,(anonymous_24)
FN:347,(anonymous_25)
FN:361,(anonymous_26)
FN:374,(anonymous_27)
FN:415,(anonymous_28)
FN:429,(anonymous_29)
FN:430,(anonymous_30)
FN:455,(anonymous_31)
FN:486,(anonymous_32)
FN:486,(anonymous_33)
FN:491,(anonymous_34)
FN:502,(anonymous_35)
FN:515,(anonymous_36)
FN:522,(anonymous_37)
FN:529,(anonymous_38)
FN:539,(anonymous_39)
FN:539,(anonymous_40)
FN:557,(anonymous_41)
FN:577,(anonymous_42)
FN:595,(anonymous_43)
FN:603,(anonymous_44)
FN:604,(anonymous_45)
FN:608,(anonymous_46)
FN:626,(anonymous_47)
FN:647,(anonymous_48)
FN:651,(anonymous_49)
FN:654,(anonymous_50)
FN:671,(anonymous_51)
FN:678,(anonymous_52)
FN:687,(anonymous_53)
FN:689,(anonymous_54)
FN:700,(anonymous_55)
FN:710,(anonymous_56)
FN:712,(anonymous_57)
FN:712,(anonymous_58)
FN:720,(anonymous_59)
FN:737,(anonymous_60)
FN:763,(anonymous_61)
FN:779,(anonymous_62)
FN:800,(anonymous_63)
FN:808,(anonymous_64)
FNF:56
FNH:14
FNDA:0,(anonymous_9)
FNDA:20,(anonymous_10)
FNDA:10,(anonymous_11)
FNDA:0,(anonymous_12)
FNDA:0,(anonymous_13)
FNDA:0,(anonymous_14)
FNDA:0,(anonymous_15)
FNDA:0,(anonymous_16)
FNDA:0,(anonymous_17)
FNDA:0,(anonymous_18)
FNDA:0,(anonymous_19)
FNDA:0,(anonymous_20)
FNDA:0,(anonymous_21)
FNDA:20,(anonymous_22)
FNDA:0,(anonymous_23)
FNDA:60,(anonymous_24)
FNDA:40,(anonymous_25)
FNDA:0,(anonymous_26)
FNDA:80,(anonymous_27)
FNDA:0,(anonymous_28)
FNDA:0,(anonymous_29)
FNDA:0,(anonymous_30)
FNDA:0,(anonymous_31)
FNDA:40,(anonymous_32)
FNDA:40,(anonymous_33)
FNDA:0,(anonymous_34)
FNDA:0,(anonymous_35)
FNDA:0,(anonymous_36)
FNDA:0,(anonymous_37)
FNDA:0,(anonymous_38)
FNDA:40,(anonymous_39)
FNDA:40,(anonymous_40)
FNDA:60,(anonymous_41)
FNDA:0,(anonymous_42)
FNDA:0,(anonymous_43)
FNDA:40,(anonymous_44)
FNDA:0,(anonymous_45)
FNDA:0,(anonymous_46)
FNDA:0,(anonymous_47)
FNDA:0,(anonymous_48)
FNDA:0,(anonymous_49)
FNDA:0,(anonymous_50)
FNDA:0,(anonymous_51)
FNDA:0,(anonymous_52)
FNDA:0,(anonymous_53)
FNDA:120,(anonymous_54)
FNDA:0,(anonymous_55)
FNDA:0,(anonymous_56)
FNDA:0,(anonymous_57)
FNDA:0,(anonymous_58)
FNDA:0,(anonymous_59)
FNDA:0,(anonymous_60)
FNDA:0,(anonymous_61)
FNDA:0,(anonymous_62)
FNDA:20,(anonymous_63)
FNDA:0,(anonymous_64)
DA:1,1
DA:2,1
DA:37,1
DA:63,1
DA:89,1
DA:102,1
DA:109,1
DA:129,1
DA:145,1
DA:146,0
DA:151,1
DA:156,20
DA:157,20
DA:158,20
DA:159,20
DA:160,20
DA:161,20
DA:168,20
DA:171,20
DA:172,10
DA:173,10
DA:176,10
DA:177,10
DA:178,10
DA:179,10
DA:192,20
DA:193,0
DA:196,20
DA:197,0
DA:200,20
DA:201,0
DA:205,20
DA:206,0
DA:209,20
DA:210,0
DA:211,0
DA:212,0
DA:219,20
DA:220,0
DA:221,0
DA:225,0
DA:226,0
DA:233,0
DA:237,20
DA:238,0
DA:239,0
DA:246,0
DA:249,20
DA:250,0
DA:251,0
DA:255,0
DA:256,0
DA:257,0
DA:264,0
DA:268,20
DA:269,0
DA:270,0
DA:271,0
DA:273,0
DA:274,0
DA:275,0
DA:284,20
DA:286,0
DA:289,20
DA:290,20
DA:293,20
DA:309,0
DA:312,60
DA:348,40
DA:361,0
DA:375,80
DA:415,0
DA:430,0
DA:431,0
DA:456,0
DA:486,40
DA:487,40
DA:491,0
DA:502,0
DA:515,0
DA:522,0
DA:529,0
DA:539,40
DA:540,40
DA:558,60
DA:577,0
DA:595,0
DA:603,40
DA:604,0
DA:609,0
DA:627,0
DA:647,0
DA:651,0
DA:654,0
DA:671,0
DA:678,0
DA:687,0
DA:690,120
DA:700,0
DA:710,0
DA:712,0
DA:720,0
DA:737,0
DA:763,0
DA:779,0
DA:800,20
DA:808,0
LF:107
LH:48
BRDA:147,0,0,0
BRDA:147,0,1,0
BRDA:154,1,0,20
BRDA:176,2,0,10
BRDA:178,3,0,10
BRDA:220,4,0,0
BRDA:220,5,0,0
BRDA:220,5,1,0
BRDA:250,6,0,0
BRDA:250,7,0,0
BRDA:250,7,1,0
BRDA:250,7,2,0
BRDA:271,8,0,0
BRDA:274,9,0,0
BRDA:353,10,0,20
BRDA:353,10,1,20
BRDA:354,11,0,20
BRDA:354,11,1,20
BRDA:361,12,0,0
BRDA:361,12,1,0
BRDA:382,13,0,40
BRDA:382,13,1,40
BRDA:383,14,0,40
BRDA:383,14,1,40
BRDA:427,15,0,0
BRDA:427,15,1,20
BRDA:431,16,0,0
BRDA:431,16,1,0
BRDA:444,17,0,0
BRDA:444,17,1,0
BRDA:446,18,0,0
BRDA:446,18,1,0
BRDA:453,19,0,0
BRDA:453,19,1,0
BRDA:489,20,0,0
BRDA:489,20,1,40
BRDA:575,21,0,0
BRDA:575,21,1,40
BRDA:579,22,0,0
BRDA:579,22,1,40
BRDA:604,23,0,0
BRDA:604,23,1,0
BRDA:604,23,2,0
BRDA:645,24,0,0
BRDA:645,24,1,0
BRDA:649,25,0,0
BRDA:649,25,1,0
BRDA:723,26,0,20
BRDA:723,26,1,0
BRDA:726,27,0,0
BRDA:726,27,1,0
BRDA:727,28,0,0
BRDA:727,28,1,0
BRDA:728,29,0,0
BRDA:728,29,1,0
BRDA:730,30,0,0
BRDA:730,30,1,0
BRDA:778,31,0,20
BRDA:778,31,1,16
BRDA:808,32,0,0
BRDA:808,32,1,20
BRDA:808,33,0,0
BRDA:808,33,1,0
BRF:63
BRH:19
end_of_record
TN:
SF:src/components/ProcessingProgress.tsx
FN:173,(anonymous_9)
FN:188,(anonymous_10)
FN:203,(anonymous_11)
FN:217,(anonymous_12)
FN:235,(anonymous_13)
FN:236,(anonymous_14)
FN:241,(anonymous_15)
FN:380,(anonymous_16)
FN:388,(anonymous_17)
FN:535,(anonymous_18)
FN:548,(anonymous_19)
FNF:11
FNH:0
FNDA:0,(anonymous_9)
FNDA:0,(anonymous_10)
FNDA:0,(anonymous_11)
FNDA:0,(anonymous_12)
FNDA:0,(anonymous_13)
FNDA:0,(anonymous_14)
FNDA:0,(anonymous_15)
FNDA:0,(anonymous_16)
FNDA:0,(anonymous_17)
FNDA:0,(anonymous_18)
FNDA:0,(anonymous_19)
DA:1,0
DA:2,0
DA:26,0
DA:27,0
DA:73,0
DA:82,0
DA:87,0
DA:92,0
DA:98,0
DA:173,0
DA:174,0
DA:176,0
DA:178,0
DA:180,0
DA:182,0
DA:184,0
DA:188,0
DA:189,0
DA:191,0
DA:193,0
DA:195,0
DA:197,0
DA:199,0
DA:203,0
DA:204,0
DA:205,0
DA:206,0
DA:208,0
DA:209,0
DA:210,0
DA:211,0
DA:213,0
DA:217,0
DA:224,0
DA:225,0
DA:227,0
DA:228,0
DA:230,0
DA:231,0
DA:232,0
DA:235,0
DA:236,0
DA:237,0
DA:238,0
DA:241,0
DA:246,0
DA:247,0
DA:249,0
DA:381,0
DA:382,0
DA:383,0
DA:385,0
DA:389,0
DA:535,0
DA:549,0
LF:55
LH:0
BRDA:174,0,0,0
BRDA:174,0,1,0
BRDA:174,0,2,0
BRDA:174,0,3,0
BRDA:174,0,4,0
BRDA:189,1,0,0
BRDA:189,1,1,0
BRDA:189,1,2,0
BRDA:189,1,3,0
BRDA:189,1,4,0
BRDA:208,2,0,0
BRDA:208,2,1,0
BRDA:210,3,0,0
BRDA:210,3,1,0
BRDA:220,4,0,0
BRDA:274,5,0,0
BRDA:274,5,1,0
BRDA:274,6,0,0
BRDA:274,6,1,0
BRDA:301,7,0,0
BRDA:301,7,1,0
BRDA:301,7,2,0
BRDA:310,8,0,0
BRDA:310,8,1,0
BRDA:326,9,0,0
BRDA:326,9,1,0
BRDA:334,10,0,0
BRDA:334,10,1,0
BRDA:368,11,0,0
BRDA:368,11,1,0
BRDA:394,12,0,0
BRDA:394,12,1,0
BRDA:394,13,0,0
BRDA:394,13,1,0
BRDA:409,14,0,0
BRDA:409,14,1,0
BRDA:409,15,0,0
BRDA:409,15,1,0
BRDA:410,16,0,0
BRDA:410,16,1,0
BRDA:422,17,0,0
BRDA:422,17,1,0
BRDA:422,17,2,0
BRDA:422,17,3,0
BRDA:443,18,0,0
BRDA:443,18,1,0
BRDA:494,19,0,0
BRDA:494,19,1,0
BRDA:525,20,0,0
BRDA:525,20,1,0
BRDA:525,20,2,0
BRDA:541,21,0,0
BRDA:541,21,1,0
BRF:53
BRH:0
end_of_record
TN:
SF:src/components/Results.tsx
FN:93,(anonymous_9)
FN:99,(anonymous_10)
FN:105,(anonymous_11)
FN:113,(anonymous_12)
FN:122,(anonymous_13)
FN:132,(anonymous_14)
FN:148,(anonymous_15)
FN:152,(anonymous_16)
FN:156,(anonymous_17)
FN:160,(anonymous_18)
FN:165,(anonymous_19)
FN:169,(anonymous_20)
FN:175,(anonymous_21)
FN:183,(anonymous_22)
FN:192,(anonymous_23)
FN:203,(anonymous_24)
FN:224,(anonymous_25)
FN:230,(anonymous_26)
FN:231,(anonymous_27)
FN:262,(anonymous_28)
FN:267,(anonymous_29)
FN:268,(anonymous_30)
FN:295,(anonymous_31)
FN:301,(anonymous_32)
FN:306,(anonymous_33)
FN:319,(anonymous_34)
FN:328,(anonymous_35)
FN:361,(anonymous_36)
FN:363,(anonymous_37)
FN:644,(anonymous_38)
FN:657,(anonymous_39)
FN:673,(anonymous_40)
FN:686,(anonymous_41)
FN:699,(anonymous_42)
FN:701,(anonymous_43)
FN:715,(anonymous_44)
FN:722,(anonymous_45)
FN:732,(anonymous_46)
FN:749,(anonymous_47)
FN:760,(anonymous_48)
FN:761,(anonymous_49)
FN:765,(anonymous_50)
FN:795,(anonymous_51)
FN:808,(anonymous_52)
FN:822,(anonymous_53)
FN:823,(anonymous_54)
FN:828,(anonymous_55)
FN:1018,(anonymous_56)
FN:1029,(anonymous_57)
FN:1045,(anonymous_58)
FN:1070,(anonymous_59)
FN:1101,(anonymous_60)
FN:1213,(anonymous_61)
FN:1244,(anonymous_62)
FN:1260,(anonymous_63)
FN:1269,(anonymous_64)
FN:1300,(anonymous_65)
FN:1307,(anonymous_66)
FN:1313,(anonymous_67)
FN:1320,(anonymous_68)
FN:1327,(anonymous_69)
FN:1335,(anonymous_70)
FN:1336,(anonymous_71)
FN:1343,(anonymous_72)
FN:1361,(anonymous_73)
FN:1362,(anonymous_74)
FNF:66
FNH:0
FNDA:0,(anonymous_9)
FNDA:0,(anonymous_10)
FNDA:0,(anonymous_11)
FNDA:0,(anonymous_12)
FNDA:0,(anonymous_13)
FNDA:0,(anonymous_14)
FNDA:0,(anonymous_15)
FNDA:0,(anonymous_16)
FNDA:0,(anonymous_17)
FNDA:0,(anonymous_18)
FNDA:0,(anonymous_19)
FNDA:0,(anonymous_20)
FNDA:0,(anonymous_21)
FNDA:0,(anonymous_22)
FNDA:0,(anonymous_23)
FNDA:0,(anonymous_24)
FNDA:0,(anonymous_25)
FNDA:0,(anonymous_26)
FNDA:0,(anonymous_27)
FNDA:0,(anonymous_28)
FNDA:0,(anonymous_29)
FNDA:0,(anonymous_30)
FNDA:0,(anonymous_31)
FNDA:0,(anonymous_32)
FNDA:0,(anonymous_33)
FNDA:0,(anonymous_34)
FNDA:0,(anonymous_35)
FNDA:0,(anonymous_36)
FNDA:0,(anonymous_37)
FNDA:0,(anonymous_38)
FNDA:0,(anonymous_39)
FNDA:0,(anonymous_40)
FNDA:0,(anonymous_41)
FNDA:0,(anonymous_42)
FNDA:0,(anonymous_43)
FNDA:0,(anonymous_44)
FNDA:0,(anonymous_45)
FNDA:0,(anonymous_46)
FNDA:0,(anonymous_47)
FNDA:0,(anonymous_48)
FNDA:0,(anonymous_49)
FNDA:0,(anonymous_50)
FNDA:0,(anonymous_51)
FNDA:0,(anonymous_52)
FNDA:0,(anonymous_53)
FNDA:0,(anonymous_54)
FNDA:0,(anonymous_55)
FNDA:0,(anonymous_56)
FNDA:0,(anonymous_57)
FNDA:0,(anonymous_58)
FNDA:0,(anonymous_59)
FNDA:0,(anonymous_60)
FNDA:0,(anonymous_61)
FNDA:0,(anonymous_62)
FNDA:0,(anonymous_63)
FNDA:0,(anonymous_64)
FNDA:0,(anonymous_65)
FNDA:0,(anonymous_66)
FNDA:0,(anonymous_67)
FNDA:0,(anonymous_68)
FNDA:0,(anonymous_69)
FNDA:0,(anonymous_70)
FNDA:0,(anonymous_71)
FNDA:0,(anonymous_72)
FNDA:0,(anonymous_73)
FNDA:0,(anonymous_74)
DA:1,0
DA:2,0
DA:3,0
DA:4,0
DA:37,0
DA:71,0
DA:93,0
DA:94,0
DA:99,0
DA:100,0
DA:101,0
DA:102,0
DA:105,0
DA:106,0
DA:107,0
DA:108,0
DA:109,0
DA:110,0
DA:113,0
DA:114,0
DA:115,0
DA:116,0
DA:117,0
DA:118,0
DA:122,0
DA:123,0
DA:124,0
DA:125,0
DA:126,0
DA:127,0
DA:128,0
DA:132,0
DA:141,0
DA:142,0
DA:143,0
DA:144,0
DA:145,0
DA:146,0
DA:148,0
DA:149,0
DA:152,0
DA:153,0
DA:156,0
DA:157,0
DA:160,0
DA:161,0
DA:162,0
DA:165,0
DA:166,0
DA:169,0
DA:170,0
DA:171,0
DA:172,0
DA:175,0
DA:176,0
DA:177,0
DA:178,0
DA:179,0
DA:180,0
DA:183,0
DA:184,0
DA:185,0
DA:186,0
DA:187,0
DA:188,0
DA:192,0
DA:193,0
DA:194,0
DA:195,0
DA:196,0
DA:197,0
DA:198,0
DA:203,0
DA:204,0
DA:205,0
DA:208,0
DA:224,0
DA:225,0
DA:228,0
DA:229,0
DA:230,0
DA:231,0
DA:235,0
DA:236,0
DA:237,0
DA:239,0
DA:243,0
DA:262,0
DA:263,0
DA:266,0
DA:267,0
DA:268,0
DA:271,0
DA:292,0
DA:295,0
DA:296,0
DA:297,0
DA:301,0
DA:302,0
DA:306,0
DA:307,0
DA:308,0
DA:309,0
DA:310,0
DA:311,0
DA:312,0
DA:313,0
DA:314,0
DA:315,0
DA:316,0
DA:319,0
DA:320,0
DA:321,0
DA:322,0
DA:323,0
DA:324,0
DA:328,0
DA:329,0
DA:331,0
DA:338,0
DA:345,0
DA:352,0
DA:361,0
DA:362,0
DA:363,0
DA:366,0
DA:644,0
DA:657,0
DA:673,0
DA:686,0
DA:699,0
DA:700,0
DA:701,0
DA:704,0
DA:715,0
DA:722,0
DA:732,0
DA:749,0
DA:760,0
DA:761,0
DA:762,0
DA:764,0
DA:765,0
DA:768,0
DA:771,0
DA:773,0
DA:775,0
DA:791,0
DA:795,0
DA:796,0
DA:798,0
DA:800,0
DA:802,0
DA:804,0
DA:808,0
DA:809,0
DA:811,0
DA:813,0
DA:815,0
DA:817,0
DA:822,0
DA:823,0
DA:824,0
DA:828,0
DA:829,0
DA:850,0
DA:1019,0
DA:1029,0
DA:1046,0
DA:1071,0
DA:1101,0
DA:1214,0
DA:1215,0
DA:1245,0
DA:1260,0
DA:1269,0
DA:1301,0
DA:1307,0
DA:1313,0
DA:1320,0
DA:1327,0
DA:1335,0
DA:1336,0
DA:1343,0
DA:1361,0
DA:1362,0
LF:186
LH:0
BRDA:95,0,0,0
BRDA:95,0,1,0
BRDA:106,1,0,0
BRDA:114,2,0,0
BRDA:114,2,1,0
BRDA:114,2,2,0
BRDA:114,2,3,0
BRDA:123,3,0,0
BRDA:123,3,1,0
BRDA:123,3,2,0
BRDA:123,3,3,0
BRDA:123,3,4,0
BRDA:176,4,0,0
BRDA:184,5,0,0
BRDA:184,5,1,0
BRDA:184,5,2,0
BRDA:184,5,3,0
BRDA:193,6,0,0
BRDA:193,6,1,0
BRDA:193,6,2,0
BRDA:193,6,3,0
BRDA:193,6,4,0
BRDA:204,7,0,0
BRDA:204,8,0,0
BRDA:204,8,1,0
BRDA:228,9,0,0
BRDA:228,9,1,0
BRDA:231,10,0,0
BRDA:231,10,1,0
BRDA:236,11,0,0
BRDA:236,12,0,0
BRDA:236,12,1,0
BRDA:320,13,0,0
BRDA:320,13,1,0
BRDA:320,13,2,0
BRDA:320,13,3,0
BRDA:329,14,0,0
BRDA:329,14,1,0
BRDA:329,14,2,0
BRDA:329,14,3,0
BRDA:362,15,0,0
BRDA:362,15,1,0
BRDA:662,16,0,0
BRDA:662,16,1,0
BRDA:663,17,0,0
BRDA:663,17,1,0
BRDA:676,18,0,0
BRDA:676,18,1,0
BRDA:700,19,0,0
BRDA:700,19,1,0
BRDA:735,20,0,0
BRDA:735,20,1,0
BRDA:735,21,0,0
BRDA:735,21,1,0
BRDA:752,22,0,0
BRDA:752,22,1,0
BRDA:762,23,0,0
BRDA:764,24,0,0
BRDA:764,24,1,0
BRDA:768,25,0,0
BRDA:768,25,1,0
BRDA:768,25,2,0
BRDA:768,25,3,0
BRDA:771,26,0,0
BRDA:771,26,1,0
BRDA:796,27,0,0
BRDA:796,27,1,0
BRDA:796,27,2,0
BRDA:796,27,3,0
BRDA:809,28,0,0
BRDA:809,28,1,0
BRDA:809,28,2,0
BRDA:809,28,3,0
BRDA:824,29,0,0
BRDA:824,29,1,0
BRDA:885,30,0,0
BRDA:885,30,1,0
BRDA:905,31,0,0
BRDA:905,31,1,0
BRDA:918,32,0,0
BRDA:918,32,1,0
BRDA:1006,33,0,0
BRDA:1006,33,1,0
BRDA:1007,34,0,0
BRDA:1007,34,1,0
BRDA:1016,35,0,0
BRDA:1016,35,1,0
BRDA:1040,36,0,0
BRDA:1040,36,1,0
BRDA:1046,37,0,0
BRDA:1046,37,1,0
BRDA:1047,38,0,0
BRDA:1047,38,1,0
BRDA:1071,39,0,0
BRDA:1071,39,1,0
BRDA:1072,40,0,0
BRDA:1072,40,1,0
BRDA:1110,41,0,0
BRDA:1110,41,1,0
BRDA:1111,42,0,0
BRDA:1111,42,1,0
BRDA:1160,43,0,0
BRDA:1160,43,1,0
BRDA:1173,44,0,0
BRDA:1173,44,1,0
BRDA:1191,45,0,0
BRDA:1191,45,1,0
BRDA:1224,46,0,0
BRDA:1224,46,1,0
BRDA:1349,47,0,0
BRDA:1349,47,1,0
BRF:111
BRH:0
end_of_record
TN:
SF:src/components/StepIndicator.tsx
FN:32,(anonymous_1)
FN:76,(anonymous_2)
FN:144,(anonymous_3)
FN:151,(anonymous_4)
FN:232,(anonymous_5)
FNF:5
FNH:0
FNDA:0,(anonymous_1)
FNDA:0,(anonymous_2)
FNDA:0,(anonymous_3)
FNDA:0,(anonymous_4)
FNDA:0,(anonymous_5)
DA:1,0
DA:2,0
DA:12,0
DA:13,0
DA:31,0
DA:32,0
DA:76,0
DA:121,0
DA:144,0
DA:148,0
DA:149,0
DA:151,0
DA:152,0
DA:153,0
DA:155,0
DA:165,0
DA:233,0
LF:17
LH:0
BRDA:33,0,0,0
BRDA:33,0,1,0
BRDA:35,1,0,0
BRDA:35,1,1,0
BRDA:46,2,0,0
BRDA:46,2,1,0
BRDA:46,3,0,0
BRDA:46,3,1,0
BRDA:50,4,0,0
BRDA:50,4,1,0
BRDA:51,5,0,0
BRDA:51,5,1,0
BRDA:55,6,0,0
BRDA:55,6,1,0
BRDA:146,7,0,0
BRDA:153,8,0,0
BRDA:153,8,1,0
BRDA:171,9,0,0
BRDA:171,9,1,0
BRDA:199,10,0,0
BRDA:199,10,1,0
BRDA:201,11,0,0
BRDA:201,11,1,0
BRDA:210,12,0,0
BRDA:210,12,1,0
BRDA:238,13,0,0
BRDA:238,13,1,0
BRDA:242,14,0,0
BRDA:242,14,1,0
BRDA:246,15,0,0
BRDA:246,15,1,0
BRDA:247,16,0,0
BRDA:247,16,1,0
BRDA:258,17,0,0
BRDA:258,17,1,0
BRDA:270,18,0,0
BRDA:270,18,1,0
BRF:37
BRH:0
end_of_record
TN:
SF:src/components/TTS.tsx
FN:64,(anonymous_9)
FN:85,(anonymous_10)
FN:101,(anonymous_11)
FN:104,(anonymous_12)
FN:122,(anonymous_13)
FN:123,(anonymous_14)
FN:127,(anonymous_15)
FN:137,(anonymous_16)
FN:139,(anonymous_17)
FN:150,(anonymous_18)
FN:157,(anonymous_19)
FN:184,(anonymous_20)
FN:202,(anonymous_21)
FN:248,(anonymous_22)
FN:251,(anonymous_23)
FN:277,(anonymous_24)
FN:293,(anonymous_25)
FN:391,(anonymous_26)
FN:406,(anonymous_27)
FN:460,(anonymous_28)
FN:475,(anonymous_29)
FN:486,(anonymous_30)
FN:489,(anonymous_31)
FN:502,(anonymous_32)
FN:525,(anonymous_33)
FN:540,(anonymous_34)
FN:545,(anonymous_35)
FN:556,(anonymous_36)
FN:564,(anonymous_37)
FN:573,(anonymous_38)
FN:608,(anonymous_39)
FN:623,(anonymous_40)
FN:623,(anonymous_41)
FN:650,(anonymous_42)
FN:665,(anonymous_43)
FN:665,(anonymous_44)
FNF:36
FNH:0
FNDA:0,(anonymous_9)
FNDA:0,(anonymous_10)
FNDA:0,(anonymous_11)
FNDA:0,(anonymous_12)
FNDA:0,(anonymous_13)
FNDA:0,(anonymous_14)
FNDA:0,(anonymous_15)
FNDA:0,(anonymous_16)
FNDA:0,(anonymous_17)
FNDA:0,(anonymous_18)
FNDA:0,(anonymous_19)
FNDA:0,(anonymous_20)
FNDA:0,(anonymous_21)
FNDA:0,(anonymous_22)
FNDA:0,(anonymous_23)
FNDA:0,(anonymous_24)
FNDA:0,(anonymous_25)
FNDA:0,(anonymous_26)
FNDA:0,(anonymous_27)
FNDA:0,(anonymous_28)
FNDA:0,(anonymous_29)
FNDA:0,(anonymous_30)
FNDA:0,(anonymous_31)
FNDA:0,(anonymous_32)
FNDA:0,(anonymous_33)
FNDA:0,(anonymous_34)
FNDA:0,(anonymous_35)
FNDA:0,(anonymous_36)
FNDA:0,(anonymous_37)
FNDA:0,(anonymous_38)
FNDA:0,(anonymous_39)
FNDA:0,(anonymous_40)
FNDA:0,(anonymous_41)
FNDA:0,(anonymous_42)
FNDA:0,(anonymous_43)
FNDA:0,(anonymous_44)
DA:5,0
DA:6,0
DA:27,0
DA:41,0
DA:42,0
DA:64,0
DA:65,0
DA:82,0
DA:85,0
DA:86,0
DA:98,0
DA:101,0
DA:102,0
DA:103,0
DA:104,0
DA:106,0
DA:115,0
DA:120,0
DA:122,0
DA:123,0
DA:127,0
DA:128,0
DA:129,0
DA:131,0
DA:132,0
DA:133,0
DA:137,0
DA:138,0
DA:139,0
DA:140,0
DA:143,0
DA:144,0
DA:148,0
DA:150,0
DA:151,0
DA:157,0
DA:158,0
DA:160,0
DA:167,0
DA:174,0
DA:184,0
DA:185,0
DA:187,0
DA:193,0
DA:202,0
DA:204,0
DA:205,0
DA:208,0
DA:209,0
DA:210,0
DA:213,0
DA:214,0
DA:217,0
DA:221,0
DA:248,0
DA:251,0
DA:253,0
DA:276,0
DA:277,0
DA:280,0
DA:281,0
DA:282,0
DA:285,0
DA:288,0
DA:289,0
DA:293,0
DA:295,0
DA:296,0
DA:299,0
DA:300,0
DA:301,0
DA:305,0
DA:313,0
DA:324,0
DA:334,0
DA:342,0
DA:343,0
DA:344,0
DA:346,0
DA:348,0
DA:349,0
DA:351,0
DA:352,0
DA:354,0
DA:355,0
DA:358,0
DA:362,0
DA:373,0
DA:374,0
DA:375,0
DA:378,0
DA:381,0
DA:382,0
DA:387,0
DA:391,0
DA:392,0
DA:393,0
DA:402,0
DA:404,0
DA:406,0
DA:414,0
DA:416,0
DA:417,0
DA:418,0
DA:420,0
DA:427,0
DA:428,0
DA:429,0
DA:434,0
DA:436,0
DA:437,0
DA:440,0
DA:441,0
DA:444,0
DA:452,0
DA:453,0
DA:455,0
DA:458,0
DA:460,0
DA:464,0
DA:466,0
DA:471,0
DA:475,0
DA:476,0
DA:477,0
DA:480,0
DA:481,0
DA:485,0
DA:486,0
DA:489,0
DA:490,0
DA:492,0
DA:493,0
DA:494,0
DA:495,0
DA:498,0
DA:502,0
DA:503,0
DA:504,0
DA:507,0
DA:508,0
DA:509,0
DA:512,0
DA:515,0
DA:516,0
DA:517,0
DA:520,0
DA:521,0
DA:522,0
DA:525,0
DA:526,0
DA:530,0
DA:531,0
DA:540,0
DA:541,0
DA:542,0
DA:543,0
DA:545,0
DA:546,0
DA:547,0
DA:550,0
DA:551,0
DA:556,0
DA:557,0
DA:558,0
DA:559,0
DA:564,0
DA:565,0
DA:566,0
DA:567,0
DA:568,0
DA:573,0
DA:574,0
DA:575,0
DA:576,0
DA:577,0
DA:578,0
DA:579,0
DA:580,0
DA:581,0
DA:582,0
DA:586,0
DA:587,0
DA:589,0
DA:609,0
DA:610,0
DA:623,0
DA:651,0
DA:652,0
DA:665,0
LF:190
LH:0
BRDA:131,0,0,0
BRDA:131,0,1,0
BRDA:138,1,0,0
BRDA:158,2,0,0
BRDA:158,2,1,0
BRDA:158,2,2,0
BRDA:185,3,0,0
BRDA:185,3,1,0
BRDA:204,4,0,0
BRDA:209,5,0,0
BRDA:217,6,0,0
BRDA:217,6,1,0
BRDA:229,7,0,0
BRDA:229,7,1,0
BRDA:271,8,0,0
BRDA:271,8,1,0
BRDA:276,9,0,0
BRDA:280,10,0,0
BRDA:285,11,0,0
BRDA:285,11,1,0
BRDA:289,12,0,0
BRDA:289,12,1,0
BRDA:295,13,0,0
BRDA:300,14,0,0
BRDA:315,15,0,0
BRDA:315,15,1,0
BRDA:342,16,0,0
BRDA:373,17,0,0
BRDA:378,18,0,0
BRDA:378,18,1,0
BRDA:378,18,2,0
BRDA:395,19,0,0
BRDA:395,19,1,0
BRDA:409,20,0,0
BRDA:409,20,1,0
BRDA:423,21,0,0
BRDA:423,21,1,0
BRDA:424,22,0,0
BRDA:424,22,1,0
BRDA:424,23,0,0
BRDA:424,23,1,0
BRDA:427,24,0,0
BRDA:434,25,0,0
BRDA:434,25,1,0
BRDA:437,26,0,0
BRDA:437,26,1,0
BRDA:441,27,0,0
BRDA:441,27,1,0
BRDA:476,28,0,0
BRDA:480,29,0,0
BRDA:508,30,0,0
BRDA:508,30,1,0
BRDA:533,31,0,0
BRDA:533,31,1,0
BRDA:541,32,0,0
BRDA:541,33,0,0
BRDA:541,33,1,0
BRDA:557,34,0,0
BRDA:557,35,0,0
BRDA:557,35,1,0
BRDA:565,36,0,0
BRDA:574,37,0,0
BRDA:615,38,0,0
BRDA:615,38,1,0
BRDA:616,39,0,0
BRDA:616,39,1,0
BRDA:657,40,0,0
BRDA:657,40,1,0
BRDA:658,41,0,0
BRDA:658,41,1,0
BRDA:693,42,0,0
BRDA:693,42,1,0
BRDA:699,43,0,0
BRDA:699,43,1,0
BRDA:700,44,0,0
BRDA:700,44,1,0
BRDA:704,45,0,0
BRDA:704,45,1,0
BRDA:726,46,0,0
BRDA:726,46,1,0
BRDA:736,47,0,0
BRDA:736,47,1,0
BRDA:771,48,0,0
BRDA:771,48,1,0
BRDA:778,49,0,0
BRDA:778,49,1,0
BRF:86
BRH:0
end_of_record
TN:
SF:src/config/api.ts
FN:39,(anonymous_0)
FN:55,(anonymous_1)
FN:103,(anonymous_2)
FN:131,(anonymous_3)
FN:172,(anonymous_4)
FN:183,(anonymous_5)
FN:244,(anonymous_6)
FN:264,(anonymous_7)
FNF:8
FNH:0
FNDA:0,(anonymous_0)
FNDA:0,(anonymous_1)
FNDA:0,(anonymous_2)
FNDA:0,(anonymous_3)
FNDA:0,(anonymous_4)
FNDA:0,(anonymous_5)
FNDA:0,(anonymous_6)
FNDA:0,(anonymous_7)
DA:39,0
DA:41,0
DA:42,0
DA:46,0
DA:50,0
DA:51,0
DA:52,0
DA:55,0
DA:57,0
DA:58,0
DA:59,0
DA:62,0
DA:64,0
DA:65,0
DA:66,0
DA:67,0
DA:68,0
DA:69,0
DA:73,0
DA:75,0
DA:77,0
DA:78,0
DA:80,0
DA:82,0
DA:83,0
DA:84,0
DA:86,0
DA:87,0
DA:88,0
DA:90,0
DA:92,0
DA:93,0
DA:98,0
DA:99,0
DA:100,0
DA:103,0
DA:104,0
DA:105,0
DA:107,0
DA:110,0
DA:111,0
DA:113,0
DA:114,0
DA:115,0
DA:119,0
DA:120,0
DA:121,0
DA:123,0
DA:124,0
DA:125,0
DA:126,0
DA:131,0
DA:133,0
DA:136,0
DA:137,0
DA:138,0
DA:139,0
DA:140,0
DA:142,0
DA:147,0
DA:150,0
DA:172,0
DA:173,0
DA:175,0
DA:176,0
DA:178,0
DA:183,0
DA:184,0
DA:186,0
DA:187,0
DA:188,0
DA:190,0
DA:194,0
DA:195,0
DA:198,0
DA:199,0
DA:202,0
DA:203,0
DA:206,0
DA:207,0
DA:210,0
DA:211,0
DA:212,0
DA:214,0
DA:215,0
DA:219,0
DA:226,0
DA:244,0
DA:251,0
DA:252,0
DA:254,0
DA:264,0
DA:265,0
DA:269,0
DA:270,0
DA:271,0
DA:272,0
DA:279,0
DA:281,0
DA:282,0
DA:283,0
DA:285,0
DA:292,0
DA:297,0
DA:298,0
DA:299,0
DA:300,0
DA:302,0
DA:303,0
DA:304,0
DA:308,0
LF:111
LH:0
BRDA:41,0,0,0
BRDA:41,1,0,0
BRDA:41,1,1,0
BRDA:58,2,0,0
BRDA:58,3,0,0
BRDA:58,3,1,0
BRDA:65,4,0,0
BRDA:73,5,0,0
BRDA:73,6,0,0
BRDA:73,6,1,0
BRDA:78,7,0,0
BRDA:78,8,0,0
BRDA:78,8,1,0
BRDA:98,9,0,0
BRDA:98,10,0,0
BRDA:98,10,1,0
BRDA:98,10,2,0
BRDA:104,11,0,0
BRDA:104,12,0,0
BRDA:104,12,1,0
BRDA:113,13,0,0
BRDA:138,14,0,0
BRDA:147,15,0,0
BRDA:147,15,1,0
BRDA:147,15,2,0
BRDA:151,16,0,0
BRDA:151,16,1,0
BRDA:151,16,2,0
BRDA:152,17,0,0
BRDA:152,17,1,0
BRDA:152,18,0,0
BRDA:152,18,1,0
BRDA:154,19,0,0
BRDA:154,19,1,0
BRDA:156,20,0,0
BRDA:156,20,1,0
BRDA:157,21,0,0
BRDA:157,21,1,0
BRDA:158,22,0,0
BRDA:158,22,1,0
BRDA:159,23,0,0
BRDA:159,23,1,0
BRDA:160,24,0,0
BRDA:160,24,1,0
BRDA:163,25,0,0
BRDA:163,25,1,0
BRDA:164,26,0,0
BRDA:164,26,1,0
BRDA:164,26,2,0
BRDA:165,27,0,0
BRDA:165,27,1,0
BRDA:166,28,0,0
BRDA:166,28,1,0
BRDA:167,29,0,0
BRDA:167,29,1,0
BRDA:186,30,0,0
BRDA:186,31,0,0
BRDA:186,31,1,0
BRDA:187,32,0,0
BRDA:187,32,1,0
BRDA:194,33,0,0
BRDA:194,34,0,0
BRDA:194,34,1,0
BRDA:198,35,0,0
BRDA:202,36,0,0
BRDA:206,37,0,0
BRDA:210,38,0,0
BRDA:211,39,0,0
BRDA:214,40,0,0
BRDA:258,41,0,0
BRDA:258,41,1,0
BRDA:269,42,0,0
BRDA:269,42,1,0
BRDA:270,43,0,0
BRDA:270,44,0,0
BRDA:270,44,1,0
BRDA:281,45,0,0
BRDA:282,46,0,0
BRDA:282,46,1,0
BRDA:297,47,0,0
BRDA:298,48,0,0
BRDA:302,49,0,0
BRDA:310,50,0,0
BRDA:310,50,1,0
BRF:84
BRH:0
end_of_record
TN:
SF:src/hooks/useAppState.ts
FN:52,(anonymous_9)
FN:54,(anonymous_10)
FN:95,(anonymous_11)
FN:98,(anonymous_12)
FN:99,(anonymous_13)
FN:116,(anonymous_14)
FN:117,(anonymous_15)
FN:124,(anonymous_16)
FN:131,(anonymous_17)
FN:148,(anonymous_18)
FN:197,(anonymous_19)
FN:210,(anonymous_20)
FN:257,(anonymous_21)
FN:258,(anonymous_22)
FN:261,(anonymous_23)
FN:264,(anonymous_24)
FN:273,(anonymous_25)
FN:279,(anonymous_26)
FN:280,(anonymous_27)
FN:292,(anonymous_28)
FN:316,(anonymous_29)
FN:321,(anonymous_30)
FN:336,(anonymous_31)
FN:343,(anonymous_32)
FN:366,(anonymous_33)
FNF:25
FNH:0
FNDA:0,(anonymous_9)
FNDA:0,(anonymous_10)
FNDA:0,(anonymous_11)
FNDA:0,(anonymous_12)
FNDA:0,(anonymous_13)
FNDA:0,(anonymous_14)
FNDA:0,(anonymous_15)
FNDA:0,(anonymous_16)
FNDA:0,(anonymous_17)
FNDA:0,(anonymous_18)
FNDA:0,(anonymous_19)
FNDA:0,(anonymous_20)
FNDA:0,(anonymous_21)
FNDA:0,(anonymous_22)
FNDA:0,(anonymous_23)
FNDA:0,(anonymous_24)
FNDA:0,(anonymous_25)
FNDA:0,(anonymous_26)
FNDA:0,(anonymous_27)
FNDA:0,(anonymous_28)
FNDA:0,(anonymous_29)
FNDA:0,(anonymous_30)
FNDA:0,(anonymous_31)
FNDA:0,(anonymous_32)
FNDA:0,(anonymous_33)
DA:5,0
DA:16,0
DA:17,0
DA:18,0
DA:52,0
DA:54,0
DA:57,0
DA:58,0
DA:59,0
DA:72,0
DA:73,0
DA:74,0
DA:75,0
DA:78,0
DA:79,0
DA:82,0
DA:90,0
DA:95,0
DA:98,0
DA:99,0
DA:100,0
DA:101,0
DA:103,0
DA:105,0
DA:108,0
DA:112,0
DA:116,0
DA:117,0
DA:124,0
DA:125,0
DA:126,0
DA:127,0
DA:131,0
DA:132,0
DA:133,0
DA:134,0
DA:136,0
DA:137,0
DA:139,0
DA:141,0
DA:142,0
DA:143,0
DA:148,0
DA:149,0
DA:150,0
DA:157,0
DA:161,0
DA:162,0
DA:163,0
DA:170,0
DA:171,0
DA:174,0
DA:175,0
DA:176,0
DA:178,0
DA:182,0
DA:184,0
DA:185,0
DA:186,0
DA:193,0
DA:197,0
DA:199,0
DA:200,0
DA:210,0
DA:211,0
DA:216,0
DA:222,0
DA:223,0
DA:226,0
DA:229,0
DA:230,0
DA:237,0
DA:238,0
DA:241,0
DA:242,0
DA:250,0
DA:252,0
DA:257,0
DA:258,0
DA:261,0
DA:262,0
DA:264,0
DA:266,0
DA:268,0
DA:269,0
DA:270,0
DA:273,0
DA:274,0
DA:276,0
DA:280,0
DA:292,0
DA:308,0
DA:309,0
DA:316,0
DA:321,0
DA:322,0
DA:323,0
DA:324,0
DA:325,0
DA:326,0
DA:332,0
DA:336,0
DA:337,0
DA:338,0
DA:339,0
DA:343,0
DA:344,0
DA:345,0
DA:347,0
DA:350,0
DA:351,0
DA:352,0
DA:353,0
DA:356,0
DA:358,0
DA:359,0
DA:362,0
DA:366,0
DA:367,0
DA:370,0
LF:120
LH:0
BRDA:103,0,0,0
BRDA:103,0,1,0
BRDA:136,1,0,0
BRDA:136,1,1,0
BRDA:149,2,0,0
BRDA:162,3,0,0
BRDA:182,4,0,0
BRDA:182,4,1,0
BRDA:184,5,0,0
BRDA:184,5,1,0
BRDA:185,6,0,0
BRDA:229,7,0,0
BRDA:229,8,0,0
BRDA:229,8,1,0
BRDA:241,9,0,0
BRDA:241,9,1,0
BRDA:241,9,2,0
BRDA:244,10,0,0
BRDA:244,10,1,0
BRDA:262,11,0,0
BRDA:262,12,0,0
BRDA:262,12,1,0
BRDA:269,13,0,0
BRDA:312,14,0,0
BRDA:312,14,1,0
BRDA:344,15,0,0
BRDA:347,16,0,0
BRDA:352,17,0,0
BRF:28
BRH:0
end_of_record
TN:
SF:src/hooks/useOptimizedCallbacks.ts
FN:8,(anonymous_0)
FN:9,(anonymous_1)
FN:17,(anonymous_2)
FN:29,(anonymous_3)
FN:36,(anonymous_4)
FN:37,(anonymous_5)
FN:41,(anonymous_6)
FN:45,(anonymous_7)
FN:49,(anonymous_8)
FN:54,(anonymous_9)
FN:60,(anonymous_10)
FN:65,(anonymous_11)
FN:71,(anonymous_12)
FN:76,(anonymous_13)
FN:82,(anonymous_14)
FN:90,(anonymous_15)
FN:93,(anonymous_16)
FN:95,(anonymous_17)
FN:105,(anonymous_18)
FN:109,(anonymous_19)
FNF:20
FNH:0
FNDA:0,(anonymous_0)
FNDA:0,(anonymous_1)
FNDA:0,(anonymous_2)
FNDA:0,(anonymous_3)
FNDA:0,(anonymous_4)
FNDA:0,(anonymous_5)
FNDA:0,(anonymous_6)
FNDA:0,(anonymous_7)
FNDA:0,(anonymous_8)
FNDA:0,(anonymous_9)
FNDA:0,(anonymous_10)
FNDA:0,(anonymous_11)
FNDA:0,(anonymous_12)
FNDA:0,(anonymous_13)
FNDA:0,(anonymous_14)
FNDA:0,(anonymous_15)
FNDA:0,(anonymous_16)
FNDA:0,(anonymous_17)
FNDA:0,(anonymous_18)
FNDA:0,(anonymous_19)
DA:1,0
DA:8,0
DA:9,0
DA:10,0
DA:11,0
DA:12,0
DA:13,0
DA:14,0
DA:17,0
DA:18,0
DA:19,0
DA:20,0
DA:21,0
DA:23,0
DA:24,0
DA:26,0
DA:29,0
DA:36,0
DA:37,0
DA:41,0
DA:45,0
DA:49,0
DA:54,0
DA:55,0
DA:60,0
DA:65,0
DA:66,0
DA:71,0
DA:76,0
DA:77,0
DA:82,0
DA:86,0
DA:90,0
DA:93,0
DA:94,0
DA:95,0
DA:96,0
DA:98,0
DA:101,0
DA:105,0
DA:109,0
LF:41
LH:0
BRDA:10,0,0,0
BRDA:18,1,0,0
BRDA:18,2,0,0
BRDA:18,2,1,0
BRDA:23,3,0,0
BRDA:37,4,0,0
BRDA:37,4,1,0
BRDA:45,5,0,0
BRDA:45,5,1,0
BRDA:55,6,0,0
BRDA:55,6,1,0
BRDA:67,7,0,0
BRDA:67,7,1,0
BRDA:78,8,0,0
BRDA:78,8,1,0
BRDA:109,9,0,0
BRDA:109,9,1,0
BRF:17
BRH:0
end_of_record
TN:
SF:src/services/audioProcessor.ts
FN:35,(anonymous_0)
FN:49,(anonymous_1)
FN:54,(anonymous_2)
FN:55,(anonymous_3)
FN:64,(anonymous_4)
FN:86,(anonymous_5)
FN:87,(anonymous_6)
FN:101,(anonymous_7)
FN:102,(anonymous_8)
FN:131,(anonymous_9)
FN:139,(anonymous_10)
FN:166,(anonymous_11)
FN:221,(anonymous_12)
FN:275,(anonymous_13)
FN:444,(anonymous_14)
FN:448,(anonymous_15)
FN:480,(anonymous_16)
FN:481,(anonymous_17)
FN:485,(anonymous_18)
FN:490,(anonymous_19)
FN:500,(anonymous_20)
FN:508,(anonymous_21)
FN:516,(anonymous_22)
FNF:23
FNH:0
FNDA:0,(anonymous_0)
FNDA:0,(anonymous_1)
FNDA:0,(anonymous_2)
FNDA:0,(anonymous_3)
FNDA:0,(anonymous_4)
FNDA:0,(anonymous_5)
FNDA:0,(anonymous_6)
FNDA:0,(anonymous_7)
FNDA:0,(anonymous_8)
FNDA:0,(anonymous_9)
FNDA:0,(anonymous_10)
FNDA:0,(anonymous_11)
FNDA:0,(anonymous_12)
FNDA:0,(anonymous_13)
FNDA:0,(anonymous_14)
FNDA:0,(anonymous_15)
FNDA:0,(anonymous_16)
FNDA:0,(anonymous_17)
FNDA:0,(anonymous_18)
FNDA:0,(anonymous_19)
FNDA:0,(anonymous_20)
FNDA:0,(anonymous_21)
FNDA:0,(anonymous_22)
DA:6,0
DA:7,0
DA:25,0
DA:27,0
DA:28,0
DA:29,0
DA:32,0
DA:33,0
DA:37,0
DA:43,0
DA:50,0
DA:51,0
DA:54,0
DA:55,0
DA:56,0
DA:65,0
DA:66,0
DA:70,0
DA:71,0
DA:74,0
DA:76,0
DA:77,0
DA:78,0
DA:81,0
DA:82,0
DA:87,0
DA:92,0
DA:101,0
DA:102,0
DA:105,0
DA:106,0
DA:107,0
DA:115,0
DA:117,0
DA:118,0
DA:126,0
DA:131,0
DA:132,0
DA:133,0
DA:138,0
DA:139,0
DA:140,0
DA:141,0
DA:142,0
DA:143,0
DA:144,0
DA:146,0
DA:147,0
DA:151,0
DA:152,0
DA:160,0
DA:167,0
DA:168,0
DA:169,0
DA:172,0
DA:181,0
DA:182,0
DA:192,0
DA:201,0
DA:202,0
DA:203,0
DA:204,0
DA:206,0
DA:214,0
DA:222,0
DA:225,0
DA:226,0
DA:235,0
DA:238,0
DA:241,0
DA:243,0
DA:245,0
DA:246,0
DA:249,0
DA:250,0
DA:251,0
DA:253,0
DA:261,0
DA:262,0
DA:266,0
DA:269,0
DA:280,0
DA:281,0
DA:284,0
DA:286,0
DA:287,0
DA:288,0
DA:290,0
DA:300,0
DA:301,0
DA:306,0
DA:307,0
DA:310,0
DA:311,0
DA:312,0
DA:314,0
DA:321,0
DA:324,0
DA:325,0
DA:326,0
DA:327,0
DA:330,0
DA:332,0
DA:345,0
DA:347,0
DA:359,0
DA:361,0
DA:362,0
DA:363,0
DA:365,0
DA:374,0
DA:386,0
DA:388,0
DA:389,0
DA:391,0
DA:393,0
DA:395,0
DA:405,0
DA:406,0
DA:407,0
DA:410,0
DA:419,0
DA:422,0
DA:423,0
DA:424,0
DA:425,0
DA:428,0
DA:437,0
DA:445,0
DA:446,0
DA:448,0
DA:449,0
DA:450,0
DA:451,0
DA:452,0
DA:453,0
DA:454,0
DA:455,0
DA:456,0
DA:460,0
DA:462,0
DA:463,0
DA:466,0
DA:467,0
DA:471,0
DA:474,0
DA:481,0
DA:482,0
DA:483,0
DA:484,0
DA:485,0
DA:486,0
DA:487,0
DA:488,0
DA:490,0
DA:491,0
DA:492,0
DA:501,0
DA:502,0
DA:509,0
DA:510,0
DA:517,0
DA:518,0
DA:520,0
DA:521,0
DA:522,0
DA:524,0
DA:531,0
LF:168
LH:0
BRDA:50,0,0,0
BRDA:65,1,0,0
BRDA:70,2,0,0
BRDA:132,3,0,0
BRDA:146,4,0,0
BRDA:168,5,0,0
BRDA:203,6,0,0
BRDA:225,7,0,0
BRDA:250,8,0,0
BRDA:250,8,1,0
BRDA:251,9,0,0
BRDA:251,9,1,0
BRDA:261,10,0,0
BRDA:277,11,0,0
BRDA:280,12,0,0
BRDA:307,13,0,0
BRDA:324,14,0,0
BRDA:406,15,0,0
BRDA:424,16,0,0
BRDA:451,17,0,0
BRDA:466,18,0,0
BRDA:488,19,0,0
BRDA:488,19,1,0
BRDA:502,20,0,0
BRDA:502,20,1,0
BRDA:510,21,0,0
BRDA:510,21,1,0
BRDA:517,22,0,0
BRF:28
BRH:0
end_of_record
TN:
SF:src/services/authService.ts
FN:33,(anonymous_1)
FN:37,(anonymous_2)
FN:47,(anonymous_3)
FN:69,(anonymous_4)
FN:85,(anonymous_5)
FN:98,(anonymous_6)
FN:140,(anonymous_7)
FN:177,(anonymous_8)
FN:198,(anonymous_9)
FN:222,(anonymous_10)
FN:229,(anonymous_11)
FN:236,(anonymous_12)
FN:263,(anonymous_13)
FN:270,(anonymous_14)
FN:277,(anonymous_15)
FN:284,(anonymous_16)
FN:291,(anonymous_17)
FNF:17
FNH:0
FNDA:0,(anonymous_1)
FNDA:0,(anonymous_2)
FNDA:0,(anonymous_3)
FNDA:0,(anonymous_4)
FNDA:0,(anonymous_5)
FNDA:0,(anonymous_6)
FNDA:0,(anonymous_7)
FNDA:0,(anonymous_8)
FNDA:0,(anonymous_9)
FNDA:0,(anonymous_10)
FNDA:0,(anonymous_11)
FNDA:0,(anonymous_12)
FNDA:0,(anonymous_13)
FNDA:0,(anonymous_14)
FNDA:0,(anonymous_15)
FNDA:0,(anonymous_16)
FNDA:0,(anonymous_17)
DA:5,0
DA:8,0
DA:11,0
DA:25,0
DA:27,0
DA:34,0
DA:38,0
DA:39,0
DA:41,0
DA:48,0
DA:49,0
DA:50,0
DA:51,0
DA:52,0
DA:53,0
DA:61,0
DA:62,0
DA:70,0
DA:71,0
DA:76,0
DA:78,0
DA:86,0
DA:91,0
DA:92,0
DA:99,0
DA:100,0
DA:101,0
DA:108,0
DA:109,0
DA:110,0
DA:116,0
DA:122,0
DA:124,0
DA:130,0
DA:141,0
DA:142,0
DA:143,0
DA:150,0
DA:151,0
DA:153,0
DA:159,0
DA:161,0
DA:167,0
DA:178,0
DA:181,0
DA:182,0
DA:184,0
DA:185,0
DA:188,0
DA:190,0
DA:191,0
DA:199,0
DA:200,0
DA:201,0
DA:202,0
DA:205,0
DA:206,0
DA:208,0
DA:209,0
DA:212,0
DA:214,0
DA:215,0
DA:223,0
DA:230,0
DA:237,0
DA:238,0
DA:242,0
DA:243,0
DA:247,0
DA:248,0
DA:249,0
DA:250,0
DA:251,0
DA:252,0
DA:253,0
DA:254,0
DA:257,0
DA:264,0
DA:271,0
DA:278,0
DA:285,0
DA:292,0
LF:82
LH:0
BRDA:38,0,0,0
BRDA:50,1,0,0
BRDA:52,2,0,0
BRDA:100,3,0,0
BRDA:109,4,0,0
BRDA:142,5,0,0
BRDA:142,6,0,0
BRDA:142,6,1,0
BRDA:184,7,0,0
BRDA:184,8,0,0
BRDA:184,8,1,0
BRDA:201,9,0,0
BRDA:208,10,0,0
BRDA:208,11,0,0
BRDA:208,11,1,0
BRDA:237,12,0,0
BRDA:242,13,0,0
BRDA:247,14,0,0
BRDA:247,14,1,0
BRDA:251,15,0,0
BRF:20
BRH:0
end_of_record
TN:
SF:src/services/errorHandler.ts
FN:33,(anonymous_0)
FN:160,(anonymous_1)
FN:211,(anonymous_2)
FN:223,(anonymous_3)
FN:224,(anonymous_4)
FN:230,(anonymous_5)
FN:244,(anonymous_6)
FNF:7
FNH:0
FNDA:0,(anonymous_0)
FNDA:0,(anonymous_1)
FNDA:0,(anonymous_2)
FNDA:0,(anonymous_3)
FNDA:0,(anonymous_4)
FNDA:0,(anonymous_5)
FNDA:0,(anonymous_6)
DA:22,0
DA:23,0
DA:34,0
DA:35,0
DA:36,0
DA:37,0
DA:39,0
DA:41,0
DA:51,0
DA:61,0
DA:71,0
DA:81,0
DA:91,0
DA:92,0
DA:103,0
DA:115,0
DA:126,0
DA:127,0
DA:136,0
DA:137,0
DA:146,0
DA:165,0
DA:167,0
DA:168,0
DA:169,0
DA:171,0
DA:172,0
DA:175,0
DA:176,0
DA:180,0
DA:181,0
DA:185,0
DA:193,0
DA:200,0
DA:205,0
DA:212,0
DA:214,0
DA:215,0
DA:217,0
DA:224,0
DA:231,0
DA:233,0
DA:234,0
DA:235,0
DA:238,0
DA:245,0
DA:249,0
DA:250,0
DA:253,0
DA:254,0
DA:257,0
LF:51
LH:0
BRDA:34,0,0,0
BRDA:34,0,1,0
BRDA:35,1,0,0
BRDA:35,1,1,0
BRDA:35,1,2,0
BRDA:36,2,0,0
BRDA:36,2,1,0
BRDA:36,2,2,0
BRDA:37,3,0,0
BRDA:37,3,1,0
BRDA:39,4,0,0
BRDA:39,4,1,0
BRDA:39,4,2,0
BRDA:39,4,3,0
BRDA:39,4,4,0
BRDA:39,4,5,0
BRDA:39,4,6,0
BRDA:39,4,7,0
BRDA:39,4,8,0
BRDA:39,4,9,0
BRDA:39,4,10,0
BRDA:98,5,0,0
BRDA:98,5,1,0
BRDA:126,6,0,0
BRDA:126,7,0,0
BRDA:126,7,1,0
BRDA:136,8,0,0
BRDA:136,9,0,0
BRDA:136,9,1,0
BRDA:152,10,0,0
BRDA:152,10,1,0
BRDA:163,11,0,0
BRDA:175,12,0,0
BRDA:180,13,0,0
BRDA:185,14,0,0
BRDA:185,14,1,0
BRDA:205,15,0,0
BRDA:205,15,1,0
BRDA:212,16,0,0
BRDA:215,17,0,0
BRDA:233,18,0,0
BRDA:233,19,0,0
BRDA:233,19,1,0
BRDA:249,20,0,0
BRDA:253,21,0,0
BRF:45
BRH:0
end_of_record
TN:
SF:src/services/errorService.ts
FN:22,(anonymous_0)
FN:29,(anonymous_1)
FN:36,(anonymous_2)
FN:46,(anonymous_3)
FN:51,(anonymous_4)
FN:72,(anonymous_5)
FN:85,(anonymous_6)
FN:98,(anonymous_7)
FN:119,(anonymous_8)
FN:126,(anonymous_9)
FN:133,(anonymous_10)
FN:140,(anonymous_11)
FN:141,(anonymous_12)
FN:147,(anonymous_13)
FN:172,(anonymous_14)
FN:176,(anonymous_15)
FN:180,(anonymous_16)
FN:185,(anonymous_17)
FN:193,(anonymous_18)
FN:202,(anonymous_19)
FN:214,(anonymous_20)
FN:224,(anonymous_21)
FNF:22
FNH:0
FNDA:0,(anonymous_0)
FNDA:0,(anonymous_1)
FNDA:0,(anonymous_2)
FNDA:0,(anonymous_3)
FNDA:0,(anonymous_4)
FNDA:0,(anonymous_5)
FNDA:0,(anonymous_6)
FNDA:0,(anonymous_7)
FNDA:0,(anonymous_8)
FNDA:0,(anonymous_9)
FNDA:0,(anonymous_10)
FNDA:0,(anonymous_11)
FNDA:0,(anonymous_12)
FNDA:0,(anonymous_13)
FNDA:0,(anonymous_14)
FNDA:0,(anonymous_15)
FNDA:0,(anonymous_16)
FNDA:0,(anonymous_17)
FNDA:0,(anonymous_18)
FNDA:0,(anonymous_19)
FNDA:0,(anonymous_20)
FNDA:0,(anonymous_21)
DA:23,0
DA:24,0
DA:30,0
DA:37,0
DA:38,0
DA:39,0
DA:47,0
DA:48,0
DA:51,0
DA:52,0
DA:53,0
DA:55,0
DA:60,0
DA:61,0
DA:62,0
DA:63,0
DA:64,0
DA:65,0
DA:73,0
DA:74,0
DA:75,0
DA:77,0
DA:78,0
DA:86,0
DA:87,0
DA:88,0
DA:90,0
DA:91,0
DA:103,0
DA:120,0
DA:127,0
DA:134,0
DA:141,0
DA:148,0
DA:150,0
DA:158,0
DA:161,0
DA:163,0
DA:169,0
DA:172,0
DA:173,0
DA:176,0
DA:177,0
DA:180,0
DA:181,0
DA:185,0
DA:186,0
DA:193,0
DA:194,0
DA:202,0
DA:203,0
DA:212,0
DA:214,0
DA:215,0
DA:224,0
DA:225,0
DA:229,0
LF:57
LH:0
BRDA:38,0,0,0
BRDA:60,1,0,0
BRDA:77,2,0,0
BRDA:90,3,0,0
BRDA:148,4,0,0
BRDA:212,5,0,0
BRDA:215,6,0,0
BRDA:215,6,1,0
BRDA:225,7,0,0
BRDA:225,7,1,0
BRF:10
BRH:0
end_of_record
TN:
SF:src/services/fileProcessor.ts
FN:11,(anonymous_0)
FN:18,(anonymous_1)
FN:34,(anonymous_2)
FN:44,(anonymous_3)
FN:95,(anonymous_4)
FN:145,(anonymous_5)
FN:214,(anonymous_6)
FN:244,(anonymous_7)
FN:285,(anonymous_8)
FN:292,(anonymous_9)
FN:317,(anonymous_10)
FN:318,(anonymous_11)
FN:320,(anonymous_12)
FNF:13
FNH:0
FNDA:0,(anonymous_0)
FNDA:0,(anonymous_1)
FNDA:0,(anonymous_2)
FNDA:0,(anonymous_3)
FNDA:0,(anonymous_4)
FNDA:0,(anonymous_5)
FNDA:0,(anonymous_6)
FNDA:0,(anonymous_7)
FNDA:0,(anonymous_8)
FNDA:0,(anonymous_9)
FNDA:0,(anonymous_10)
FNDA:0,(anonymous_11)
FNDA:0,(anonymous_12)
DA:6,0
DA:8,0
DA:12,0
DA:19,0
DA:20,0
DA:23,0
DA:24,0
DA:25,0
DA:28,0
DA:35,0
DA:36,0
DA:37,0
DA:45,0
DA:46,0
DA:48,0
DA:49,0
DA:50,0
DA:51,0
DA:54,0
DA:62,0
DA:63,0
DA:64,0
DA:67,0
DA:69,0
DA:79,0
DA:80,0
DA:96,0
DA:97,0
DA:99,0
DA:100,0
DA:101,0
DA:104,0
DA:112,0
DA:113,0
DA:114,0
DA:117,0
DA:119,0
DA:129,0
DA:130,0
DA:146,0
DA:147,0
DA:150,0
DA:152,0
DA:181,0
DA:182,0
DA:183,0
DA:186,0
DA:188,0
DA:198,0
DA:199,0
DA:215,0
DA:216,0
DA:218,0
DA:228,0
DA:229,0
DA:245,0
DA:246,0
DA:249,0
DA:251,0
DA:252,0
DA:255,0
DA:257,0
DA:258,0
DA:260,0
DA:261,0
DA:263,0
DA:264,0
DA:266,0
DA:267,0
DA:269,0
DA:280,0
DA:284,0
DA:285,0
DA:293,0
DA:295,0
DA:296,0
DA:299,0
DA:300,0
DA:303,0
DA:304,0
DA:307,0
DA:308,0
DA:311,0
DA:318,0
DA:319,0
DA:320,0
DA:321,0
DA:322,0
DA:328,0
LF:89
LH:0
BRDA:19,0,0,0
BRDA:24,1,0,0
BRDA:35,2,0,0
BRDA:62,3,0,0
BRDA:70,4,0,0
BRDA:70,4,1,0
BRDA:112,5,0,0
BRDA:120,6,0,0
BRDA:120,6,1,0
BRDA:181,7,0,0
BRDA:189,8,0,0
BRDA:189,8,1,0
BRDA:245,9,0,0
BRDA:245,10,0,0
BRDA:245,10,1,0
BRDA:255,11,0,0
BRDA:255,11,1,0
BRDA:255,11,2,0
BRDA:255,11,3,0
BRDA:255,11,4,0
BRDA:293,12,0,0
BRDA:293,12,1,0
BRDA:295,13,0,0
BRDA:299,14,0,0
BRDA:303,15,0,0
BRDA:307,16,0,0
BRF:26
BRH:0
end_of_record
TN:
SF:src/services/infographicGenerator.ts
FN:12,(anonymous_0)
FN:19,(anonymous_1)
FN:35,(anonymous_2)
FN:45,(anonymous_3)
FN:81,(anonymous_4)
FN:94,(anonymous_5)
FN:155,(anonymous_6)
FN:249,(anonymous_7)
FN:331,(anonymous_8)
FN:408,(anonymous_9)
FN:430,(anonymous_10)
FN:573,(anonymous_11)
FN:586,(anonymous_12)
FN:589,(anonymous_13)
FN:607,(anonymous_14)
FN:622,(anonymous_15)
FN:638,(anonymous_16)
FN:654,(anonymous_17)
FN:655,(anonymous_18)
FN:657,(anonymous_19)
FN:666,(anonymous_20)
FNF:21
FNH:0
FNDA:0,(anonymous_0)
FNDA:0,(anonymous_1)
FNDA:0,(anonymous_2)
FNDA:0,(anonymous_3)
FNDA:0,(anonymous_4)
FNDA:0,(anonymous_5)
FNDA:0,(anonymous_6)
FNDA:0,(anonymous_7)
FNDA:0,(anonymous_8)
FNDA:0,(anonymous_9)
FNDA:0,(anonymous_10)
FNDA:0,(anonymous_11)
FNDA:0,(anonymous_12)
FNDA:0,(anonymous_13)
FNDA:0,(anonymous_14)
FNDA:0,(anonymous_15)
FNDA:0,(anonymous_16)
FNDA:0,(anonymous_17)
FNDA:0,(anonymous_18)
FNDA:0,(anonymous_19)
FNDA:0,(anonymous_20)
DA:7,0
DA:9,0
DA:13,0
DA:20,0
DA:21,0
DA:24,0
DA:25,0
DA:26,0
DA:29,0
DA:36,0
DA:37,0
DA:38,0
DA:50,0
DA:52,0
DA:53,0
DA:56,0
DA:57,0
DA:60,0
DA:65,0
DA:68,0
DA:69,0
DA:71,0
DA:73,0
DA:74,0
DA:82,0
DA:83,0
DA:84,0
DA:85,0
DA:87,0
DA:95,0
DA:98,0
DA:101,0
DA:102,0
DA:105,0
DA:106,0
DA:107,0
DA:108,0
DA:109,0
DA:110,0
DA:111,0
DA:112,0
DA:115,0
DA:118,0
DA:121,0
DA:122,0
DA:123,0
DA:126,0
DA:127,0
DA:128,0
DA:129,0
DA:130,0
DA:131,0
DA:132,0
DA:133,0
DA:134,0
DA:135,0
DA:136,0
DA:137,0
DA:140,0
DA:147,0
DA:148,0
DA:156,0
DA:157,0
DA:159,0
DA:195,0
DA:196,0
DA:197,0
DA:200,0
DA:203,0
DA:204,0
DA:205,0
DA:206,0
DA:209,0
DA:211,0
DA:212,0
DA:213,0
DA:215,0
DA:218,0
DA:220,0
DA:221,0
DA:232,0
DA:234,0
DA:241,0
DA:242,0
DA:250,0
DA:325,0
DA:332,0
DA:379,0
DA:380,0
DA:382,0
DA:383,0
DA:406,0
DA:407,0
DA:408,0
DA:409,0
DA:412,0
DA:415,0
DA:416,0
DA:419,0
DA:421,0
DA:423,0
DA:436,0
DA:437,0
DA:511,0
DA:512,0
DA:513,0
DA:514,0
DA:516,0
DA:517,0
DA:518,0
DA:523,0
DA:526,0
DA:529,0
DA:530,0
DA:533,0
DA:536,0
DA:554,0
DA:555,0
DA:559,0
DA:560,0
DA:563,0
DA:565,0
DA:566,0
DA:575,0
DA:576,0
DA:578,0
DA:579,0
DA:583,0
DA:586,0
DA:589,0
DA:590,0
DA:591,0
DA:603,0
DA:606,0
DA:607,0
DA:608,0
DA:612,0
DA:613,0
DA:616,0
DA:623,0
DA:625,0
DA:627,0
DA:629,0
DA:631,0
DA:639,0
DA:641,0
DA:643,0
DA:645,0
DA:647,0
DA:655,0
DA:656,0
DA:657,0
DA:658,0
DA:659,0
DA:667,0
DA:668,0
DA:670,0
DA:671,0
DA:673,0
DA:675,0
DA:677,0
DA:679,0
DA:683,0
DA:688,0
LF:164
LH:0
BRDA:20,0,0,0
BRDA:25,1,0,0
BRDA:36,2,0,0
BRDA:82,3,0,0
BRDA:82,3,1,0
BRDA:84,4,0,0
BRDA:84,4,1,0
BRDA:105,5,0,0
BRDA:105,5,1,0
BRDA:105,6,0,0
BRDA:105,6,1,0
BRDA:105,6,2,0
BRDA:107,7,0,0
BRDA:107,7,1,0
BRDA:107,8,0,0
BRDA:107,8,1,0
BRDA:107,8,2,0
BRDA:109,9,0,0
BRDA:109,9,1,0
BRDA:109,10,0,0
BRDA:109,10,1,0
BRDA:109,10,2,0
BRDA:111,11,0,0
BRDA:111,12,0,0
BRDA:111,12,1,0
BRDA:111,12,2,0
BRDA:126,13,0,0
BRDA:126,13,1,0
BRDA:130,14,0,0
BRDA:130,14,1,0
BRDA:134,15,0,0
BRDA:195,16,0,0
BRDA:209,17,0,0
BRDA:209,17,1,0
BRDA:211,18,0,0
BRDA:211,18,1,0
BRDA:212,19,0,0
BRDA:212,19,1,0
BRDA:222,20,0,0
BRDA:222,20,1,0
BRDA:223,21,0,0
BRDA:223,21,1,0
BRDA:224,22,0,0
BRDA:224,22,1,0
BRDA:225,23,0,0
BRDA:225,23,1,0
BRDA:226,24,0,0
BRDA:226,24,1,0
BRDA:227,25,0,0
BRDA:227,25,1,0
BRDA:228,26,0,0
BRDA:228,26,1,0
BRDA:232,27,0,0
BRDA:232,27,1,0
BRDA:236,28,0,0
BRDA:236,28,1,0
BRDA:237,29,0,0
BRDA:237,29,1,0
BRDA:238,30,0,0
BRDA:238,30,1,0
BRDA:325,31,0,0
BRDA:325,31,1,0
BRDA:380,32,0,0
BRDA:380,32,1,0
BRDA:380,33,0,0
BRDA:380,33,1,0
BRDA:406,34,0,0
BRDA:409,35,0,0
BRDA:409,35,1,0
BRDA:415,36,0,0
BRDA:415,37,0,0
BRDA:415,37,1,0
BRDA:415,37,2,0
BRDA:419,38,0,0
BRDA:419,38,1,0
BRDA:468,39,0,0
BRDA:468,39,1,0
BRDA:476,40,0,0
BRDA:476,40,1,0
BRDA:511,41,0,0
BRDA:518,42,0,0
BRDA:518,42,1,0
BRDA:529,43,0,0
BRDA:529,44,0,0
BRDA:529,44,1,0
BRDA:529,44,2,0
BRDA:554,45,0,0
BRDA:554,46,0,0
BRDA:554,46,1,0
BRDA:559,47,0,0
BRDA:578,48,0,0
BRDA:591,49,0,0
BRDA:591,49,1,0
BRDA:591,49,2,0
BRDA:591,49,3,0
BRDA:591,49,4,0
BRDA:591,49,5,0
BRDA:591,49,6,0
BRDA:591,49,7,0
BRDA:591,49,8,0
BRDA:606,50,0,0
BRDA:612,51,0,0
BRDA:623,52,0,0
BRDA:623,52,1,0
BRDA:623,52,2,0
BRDA:623,52,3,0
BRDA:639,53,0,0
BRDA:639,53,1,0
BRDA:639,53,2,0
BRDA:639,53,3,0
BRDA:666,54,0,0
BRDA:670,55,0,0
BRDA:670,56,0,0
BRDA:670,56,1,0
BRDA:671,57,0,0
BRDA:671,57,1,0
BRDA:671,57,2,0
BRDA:671,57,3,0
BRDA:675,58,0,0
BRDA:675,58,1,0
BRDA:677,59,0,0
BRDA:677,59,1,0
BRDA:677,59,2,0
BRF:123
BRH:0
end_of_record
TN:
SF:src/services/logService.ts
FN:65,(anonymous_0)
FN:75,(anonymous_1)
FN:82,(anonymous_2)
FN:89,(anonymous_3)
FN:96,(anonymous_4)
FN:137,(anonymous_5)
FN:170,(anonymous_6)
FN:204,(anonymous_7)
FN:216,(anonymous_8)
FN:221,(anonymous_9)
FN:233,(anonymous_10)
FN:238,(anonymous_11)
FN:248,(anonymous_12)
FN:280,(anonymous_13)
FN:284,(anonymous_14)
FN:288,(anonymous_15)
FN:292,(anonymous_16)
FN:296,(anonymous_17)
FN:303,(anonymous_18)
FN:306,(anonymous_19)
FN:319,(anonymous_20)
FN:323,(anonymous_21)
FN:336,(anonymous_22)
FN:344,(anonymous_23)
FN:352,(anonymous_24)
FN:359,(anonymous_25)
FN:375,(anonymous_26)
FN:377,(anonymous_27)
FN:379,(anonymous_28)
FN:381,(anonymous_29)
FN:383,(anonymous_30)
FN:385,(anonymous_31)
FNF:32
FNH:0
FNDA:0,(anonymous_0)
FNDA:0,(anonymous_1)
FNDA:0,(anonymous_2)
FNDA:0,(anonymous_3)
FNDA:0,(anonymous_4)
FNDA:0,(anonymous_5)
FNDA:0,(anonymous_6)
FNDA:0,(anonymous_7)
FNDA:0,(anonymous_8)
FNDA:0,(anonymous_9)
FNDA:0,(anonymous_10)
FNDA:0,(anonymous_11)
FNDA:0,(anonymous_12)
FNDA:0,(anonymous_13)
FNDA:0,(anonymous_14)
FNDA:0,(anonymous_15)
FNDA:0,(anonymous_16)
FNDA:0,(anonymous_17)
FNDA:0,(anonymous_18)
FNDA:0,(anonymous_19)
FNDA:0,(anonymous_20)
FNDA:0,(anonymous_21)
FNDA:0,(anonymous_22)
FNDA:0,(anonymous_23)
FNDA:0,(anonymous_24)
FNDA:0,(anonymous_25)
FNDA:0,(anonymous_26)
FNDA:0,(anonymous_27)
FNDA:0,(anonymous_28)
FNDA:0,(anonymous_29)
FNDA:0,(anonymous_30)
FNDA:0,(anonymous_31)
DA:40,0
DA:50,0
DA:60,0
DA:63,0
DA:66,0
DA:67,0
DA:68,0
DA:69,0
DA:76,0
DA:83,0
DA:90,0
DA:102,0
DA:115,0
DA:116,0
DA:117,0
DA:118,0
DA:119,0
DA:124,0
DA:125,0
DA:131,0
DA:138,0
DA:141,0
DA:144,0
DA:145,0
DA:149,0
DA:150,0
DA:154,0
DA:155,0
DA:159,0
DA:160,0
DA:161,0
DA:162,0
DA:171,0
DA:172,0
DA:173,0
DA:175,0
DA:176,0
DA:177,0
DA:179,0
DA:181,0
DA:183,0
DA:184,0
DA:186,0
DA:187,0
DA:189,0
DA:190,0
DA:193,0
DA:194,0
DA:195,0
DA:197,0
DA:205,0
DA:206,0
DA:207,0
DA:209,0
DA:217,0
DA:218,0
DA:219,0
DA:220,0
DA:221,0
DA:222,0
DA:226,0
DA:234,0
DA:235,0
DA:238,0
DA:239,0
DA:240,0
DA:249,0
DA:251,0
DA:252,0
DA:254,0
DA:255,0
DA:271,0
DA:273,0
DA:281,0
DA:285,0
DA:289,0
DA:293,0
DA:297,0
DA:304,0
DA:306,0
DA:307,0
DA:308,0
DA:320,0
DA:322,0
DA:323,0
DA:326,0
DA:327,0
DA:330,0
DA:337,0
DA:338,0
DA:345,0
DA:346,0
DA:353,0
DA:360,0
DA:361,0
DA:364,0
DA:365,0
DA:371,0
DA:374,0
DA:376,0
DA:378,0
DA:380,0
DA:382,0
DA:384,0
DA:386,0
DA:390,0
DA:391,0
LF:107
LH:0
BRDA:41,0,0,0
BRDA:41,0,1,0
BRDA:65,1,0,0
BRDA:115,2,0,0
BRDA:115,3,0,0
BRDA:115,3,1,0
BRDA:116,4,0,0
BRDA:116,4,1,0
BRDA:118,5,0,0
BRDA:118,6,0,0
BRDA:118,6,1,0
BRDA:124,7,0,0
BRDA:138,8,0,0
BRDA:144,9,0,0
BRDA:149,10,0,0
BRDA:154,11,0,0
BRDA:159,12,0,0
BRDA:161,13,0,0
BRDA:176,14,0,0
BRDA:177,15,0,0
BRDA:181,16,0,0
BRDA:181,16,1,0
BRDA:181,16,2,0
BRDA:181,16,3,0
BRDA:181,16,4,0
BRDA:194,17,0,0
BRDA:219,18,0,0
BRDA:234,19,0,0
BRDA:239,20,0,0
BRDA:239,21,0,0
BRDA:239,21,1,0
BRDA:249,22,0,0
BRDA:249,23,0,0
BRDA:249,23,1,0
BRDA:322,24,0,0
BRDA:326,25,0,0
BRDA:360,26,0,0
BRDA:364,27,0,0
BRDA:364,28,0,0
BRDA:364,28,1,0
BRDA:390,29,0,0
BRF:41
BRH:0
end_of_record
TN:
SF:src/services/openai.ts
FN:26,(anonymous_1)
FN:30,(anonymous_2)
FN:44,(anonymous_3)
FN:55,(anonymous_4)
FN:104,(anonymous_5)
FN:111,(anonymous_6)
FN:119,(anonymous_7)
FN:126,(anonymous_8)
FN:151,(anonymous_9)
FN:161,(anonymous_10)
FN:174,(anonymous_11)
FN:201,(anonymous_12)
FN:226,(anonymous_13)
FN:258,(anonymous_14)
FN:286,(anonymous_15)
FN:287,(anonymous_16)
FN:291,(anonymous_17)
FN:300,(anonymous_18)
FN:306,(anonymous_19)
FN:315,(anonymous_20)
FN:333,(anonymous_21)
FN:419,(anonymous_22)
FN:424,(anonymous_23)
FN:425,(anonymous_24)
FN:433,(anonymous_25)
FN:441,(anonymous_26)
FN:606,(anonymous_27)
FN:643,(anonymous_28)
FN:664,(anonymous_29)
FN:671,(anonymous_30)
FN:671,(anonymous_31)
FN:707,(anonymous_32)
FN:707,(anonymous_33)
FN:750,(anonymous_34)
FN:779,(anonymous_35)
FN:821,(anonymous_36)
FN:844,(anonymous_37)
FN:921,(anonymous_38)
FN:948,(anonymous_39)
FN:959,(anonymous_40)
FN:1061,(anonymous_41)
FN:1089,(anonymous_42)
FN:1096,(anonymous_43)
FN:1155,(anonymous_44)
FN:1162,(anonymous_45)
FN:1169,(anonymous_46)
FN:1229,(anonymous_47)
FN:1238,(anonymous_48)
FN:1251,(anonymous_49)
FN:1253,(anonymous_50)
FN:1267,(anonymous_51)
FN:1269,(anonymous_52)
FN:1280,(anonymous_53)
FNF:53
FNH:0
FNDA:0,(anonymous_1)
FNDA:0,(anonymous_2)
FNDA:0,(anonymous_3)
FNDA:0,(anonymous_4)
FNDA:0,(anonymous_5)
FNDA:0,(anonymous_6)
FNDA:0,(anonymous_7)
FNDA:0,(anonymous_8)
FNDA:0,(anonymous_9)
FNDA:0,(anonymous_10)
FNDA:0,(anonymous_11)
FNDA:0,(anonymous_12)
FNDA:0,(anonymous_13)
FNDA:0,(anonymous_14)
FNDA:0,(anonymous_15)
FNDA:0,(anonymous_16)
FNDA:0,(anonymous_17)
FNDA:0,(anonymous_18)
FNDA:0,(anonymous_19)
FNDA:0,(anonymous_20)
FNDA:0,(anonymous_21)
FNDA:0,(anonymous_22)
FNDA:0,(anonymous_23)
FNDA:0,(anonymous_24)
FNDA:0,(anonymous_25)
FNDA:0,(anonymous_26)
FNDA:0,(anonymous_27)
FNDA:0,(anonymous_28)
FNDA:0,(anonymous_29)
FNDA:0,(anonymous_30)
FNDA:0,(anonymous_31)
FNDA:0,(anonymous_32)
FNDA:0,(anonymous_33)
FNDA:0,(anonymous_34)
FNDA:0,(anonymous_35)
FNDA:0,(anonymous_36)
FNDA:0,(anonymous_37)
FNDA:0,(anonymous_38)
FNDA:0,(anonymous_39)
FNDA:0,(anonymous_40)
FNDA:0,(anonymous_41)
FNDA:0,(anonymous_42)
FNDA:0,(anonymous_43)
FNDA:0,(anonymous_44)
FNDA:0,(anonymous_45)
FNDA:0,(anonymous_46)
FNDA:0,(anonymous_47)
FNDA:0,(anonymous_48)
FNDA:0,(anonymous_49)
FNDA:0,(anonymous_50)
FNDA:0,(anonymous_51)
FNDA:0,(anonymous_52)
FNDA:0,(anonymous_53)
DA:5,0
DA:6,0
DA:7,0
DA:9,0
DA:10,0
DA:11,0
DA:12,0
DA:16,0
DA:27,0
DA:31,0
DA:32,0
DA:34,0
DA:35,0
DA:37,0
DA:38,0
DA:41,0
DA:45,0
DA:46,0
DA:48,0
DA:52,0
DA:56,0
DA:65,0
DA:66,0
DA:67,0
DA:68,0
DA:75,0
DA:76,0
DA:77,0
DA:80,0
DA:82,0
DA:87,0
DA:89,0
DA:90,0
DA:91,0
DA:92,0
DA:96,0
DA:100,0
DA:103,0
DA:105,0
DA:106,0
DA:107,0
DA:109,0
DA:112,0
DA:113,0
DA:118,0
DA:120,0
DA:121,0
DA:122,0
DA:124,0
DA:127,0
DA:130,0
DA:131,0
DA:132,0
DA:141,0
DA:145,0
DA:152,0
DA:153,0
DA:154,0
DA:162,0
DA:163,0
DA:166,0
DA:167,0
DA:179,0
DA:182,0
DA:183,0
DA:185,0
DA:187,0
DA:193,0
DA:197,0
DA:198,0
DA:200,0
DA:203,0
DA:218,0
DA:222,0
DA:223,0
DA:226,0
DA:227,0
DA:229,0
DA:230,0
DA:232,0
DA:233,0
DA:234,0
DA:239,0
DA:242,0
DA:256,0
DA:260,0
DA:287,0
DA:288,0
DA:289,0
DA:291,0
DA:292,0
DA:293,0
DA:295,0
DA:296,0
DA:297,0
DA:300,0
DA:301,0
DA:302,0
DA:303,0
DA:306,0
DA:307,0
DA:308,0
DA:311,0
DA:312,0
DA:315,0
DA:316,0
DA:317,0
DA:320,0
DA:321,0
DA:322,0
DA:324,0
DA:325,0
DA:338,0
DA:340,0
DA:343,0
DA:345,0
DA:347,0
DA:350,0
DA:351,0
DA:354,0
DA:369,0
DA:371,0
DA:372,0
DA:373,0
DA:374,0
DA:375,0
DA:376,0
DA:377,0
DA:381,0
DA:383,0
DA:384,0
DA:385,0
DA:390,0
DA:393,0
DA:407,0
DA:410,0
DA:411,0
DA:420,0
DA:423,0
DA:424,0
DA:425,0
DA:427,0
DA:435,0
DA:436,0
DA:439,0
DA:440,0
DA:441,0
DA:445,0
DA:446,0
DA:450,0
DA:473,0
DA:562,0
DA:590,0
DA:596,0
DA:597,0
DA:600,0
DA:612,0
DA:613,0
DA:614,0
DA:617,0
DA:618,0
DA:619,0
DA:622,0
DA:623,0
DA:624,0
DA:627,0
DA:633,0
DA:644,0
DA:671,0
DA:673,0
DA:674,0
DA:675,0
DA:676,0
DA:677,0
DA:679,0
DA:680,0
DA:682,0
DA:684,0
DA:685,0
DA:686,0
DA:690,0
DA:691,0
DA:692,0
DA:693,0
DA:694,0
DA:695,0
DA:696,0
DA:697,0
DA:698,0
DA:699,0
DA:700,0
DA:701,0
DA:705,0
DA:706,0
DA:707,0
DA:708,0
DA:712,0
DA:713,0
DA:717,0
DA:718,0
DA:722,0
DA:723,0
DA:724,0
DA:725,0
DA:727,0
DA:736,0
DA:737,0
DA:740,0
DA:741,0
DA:744,0
DA:751,0
DA:752,0
DA:756,0
DA:757,0
DA:759,0
DA:760,0
DA:761,0
DA:762,0
DA:764,0
DA:769,0
DA:770,0
DA:773,0
DA:780,0
DA:781,0
DA:797,0
DA:807,0
DA:810,0
DA:812,0
DA:814,0
DA:822,0
DA:824,0
DA:833,0
DA:834,0
DA:836,0
DA:837,0
DA:845,0
DA:846,0
DA:848,0
DA:849,0
DA:851,0
DA:853,0
DA:856,0
DA:860,0
DA:861,0
DA:868,0
DA:869,0
DA:876,0
DA:877,0
DA:884,0
DA:886,0
DA:894,0
DA:896,0
DA:906,0
DA:907,0
DA:913,0
DA:922,0
DA:923,0
DA:926,0
DA:927,0
DA:929,0
DA:930,0
DA:931,0
DA:933,0
DA:937,0
DA:939,0
DA:945,0
DA:953,0
DA:955,0
DA:956,0
DA:958,0
DA:961,0
DA:976,0
DA:979,0
DA:981,0
DA:983,0
DA:991,0
DA:1002,0
DA:1003,0
DA:1017,0
DA:1022,0
DA:1024,0
DA:1039,0
DA:1054,0
DA:1055,0
DA:1057,0
DA:1058,0
DA:1063,0
DA:1090,0
DA:1093,0
DA:1094,0
DA:1095,0
DA:1096,0
DA:1104,0
DA:1107,0
DA:1108,0
DA:1110,0
DA:1111,0
DA:1115,0
DA:1116,0
DA:1125,0
DA:1126,0
DA:1127,0
DA:1128,0
DA:1133,0
DA:1137,0
DA:1138,0
DA:1140,0
DA:1141,0
DA:1145,0
DA:1146,0
DA:1147,0
DA:1148,0
DA:1151,0
DA:1155,0
DA:1162,0
DA:1169,0
DA:1178,0
DA:1181,0
DA:1202,0
DA:1223,0
DA:1230,0
DA:1231,0
DA:1235,0
DA:1239,0
DA:1241,0
DA:1242,0
DA:1244,0
DA:1245,0
DA:1248,0
DA:1252,0
DA:1253,0
DA:1254,0
DA:1255,0
DA:1256,0
DA:1257,0
DA:1258,0
DA:1261,0
DA:1264,0
DA:1267,0
DA:1269,0
DA:1271,0
DA:1281,0
DA:1284,0
DA:1286,0
DA:1288,0
DA:1294,0
LF:346
LH:0
BRDA:46,0,0,0
BRDA:65,1,0,0
BRDA:65,2,0,0
BRDA:65,2,1,0
BRDA:70,3,0,0
BRDA:70,3,1,0
BRDA:70,4,0,0
BRDA:70,4,1,0
BRDA:75,5,0,0
BRDA:87,6,0,0
BRDA:87,6,1,0
BRDA:87,6,2,0
BRDA:89,7,0,0
BRDA:89,8,0,0
BRDA:89,8,1,0
BRDA:89,8,2,0
BRDA:105,9,0,0
BRDA:120,10,0,0
BRDA:130,11,0,0
BRDA:153,12,0,0
BRDA:162,13,0,0
BRDA:166,14,0,0
BRDA:182,15,0,0
BRDA:182,16,0,0
BRDA:182,16,1,0
BRDA:191,17,0,0
BRDA:191,17,1,0
BRDA:198,18,0,0
BRDA:198,18,1,0
BRDA:222,19,0,0
BRDA:222,19,1,0
BRDA:230,20,0,0
BRDA:230,20,1,0
BRDA:233,21,0,0
BRDA:256,22,0,0
BRDA:256,22,1,0
BRDA:292,23,0,0
BRDA:303,24,0,0
BRDA:303,24,1,0
BRDA:303,25,0,0
BRDA:303,25,1,0
BRDA:338,26,0,0
BRDA:374,27,0,0
BRDA:374,27,1,0
BRDA:376,28,0,0
BRDA:384,29,0,0
BRDA:420,30,0,0
BRDA:439,31,0,0
BRDA:445,32,0,0
BRDA:450,33,0,0
BRDA:450,33,1,0
BRDA:596,34,0,0
BRDA:622,35,0,0
BRDA:622,35,1,0
BRDA:622,35,2,0
BRDA:623,36,0,0
BRDA:623,36,1,0
BRDA:623,36,2,0
BRDA:624,37,0,0
BRDA:624,37,1,0
BRDA:624,37,2,0
BRDA:628,38,0,0
BRDA:628,38,1,0
BRDA:629,39,0,0
BRDA:629,39,1,0
BRDA:630,40,0,0
BRDA:630,40,1,0
BRDA:684,41,0,0
BRDA:690,42,0,0
BRDA:690,42,1,0
BRDA:690,43,0,0
BRDA:690,43,1,0
BRDA:693,44,0,0
BRDA:693,44,1,0
BRDA:693,45,0,0
BRDA:693,45,1,0
BRDA:693,45,2,0
BRDA:696,46,0,0
BRDA:696,46,1,0
BRDA:696,47,0,0
BRDA:696,47,1,0
BRDA:696,47,2,0
BRDA:699,48,0,0
BRDA:705,49,0,0
BRDA:705,50,0,0
BRDA:705,50,1,0
BRDA:705,50,2,0
BRDA:705,50,3,0
BRDA:712,51,0,0
BRDA:712,52,0,0
BRDA:712,52,1,0
BRDA:712,52,2,0
BRDA:717,53,0,0
BRDA:717,54,0,0
BRDA:717,54,1,0
BRDA:717,54,2,0
BRDA:717,54,3,0
BRDA:722,55,0,0
BRDA:722,56,0,0
BRDA:722,56,1,0
BRDA:722,56,2,0
BRDA:722,56,3,0
BRDA:729,57,0,0
BRDA:729,57,1,0
BRDA:730,58,0,0
BRDA:730,58,1,0
BRDA:736,59,0,0
BRDA:736,59,1,0
BRDA:740,60,0,0
BRDA:751,61,0,0
BRDA:751,62,0,0
BRDA:751,62,1,0
BRDA:760,63,0,0
BRDA:760,63,1,0
BRDA:761,64,0,0
BRDA:761,64,1,0
BRDA:769,65,0,0
BRDA:769,66,0,0
BRDA:769,66,1,0
BRDA:851,67,0,0
BRDA:860,68,0,0
BRDA:860,68,1,0
BRDA:868,69,0,0
BRDA:868,69,1,0
BRDA:876,70,0,0
BRDA:876,70,1,0
BRDA:884,71,0,0
BRDA:884,71,1,0
BRDA:884,72,0,0
BRDA:884,72,1,0
BRDA:894,73,0,0
BRDA:894,73,1,0
BRDA:931,74,0,0
BRDA:931,74,1,0
BRDA:937,75,0,0
BRDA:945,76,0,0
BRDA:945,76,1,0
BRDA:956,77,0,0
BRDA:956,77,1,0
BRDA:991,78,0,0
BRDA:991,78,1,0
BRDA:1003,79,0,0
BRDA:1024,80,0,0
BRDA:1094,81,0,0
BRDA:1107,82,0,0
BRDA:1107,83,0,0
BRDA:1107,83,1,0
BRDA:1110,84,0,0
BRDA:1110,85,0,0
BRDA:1110,85,1,0
BRDA:1115,86,0,0
BRDA:1125,87,0,0
BRDA:1125,88,0,0
BRDA:1125,88,1,0
BRDA:1125,88,2,0
BRDA:1133,89,0,0
BRDA:1133,89,1,0
BRDA:1138,90,0,0
BRDA:1138,90,1,0
BRDA:1147,91,0,0
BRDA:1158,92,0,0
BRDA:1158,92,1,0
BRDA:1172,93,0,0
BRDA:1172,93,1,0
BRDA:1175,94,0,0
BRDA:1175,94,1,0
BRDA:1184,95,0,0
BRDA:1184,95,1,0
BRDA:1186,96,0,0
BRDA:1186,96,1,0
BRDA:1190,97,0,0
BRDA:1190,97,1,0
BRDA:1192,98,0,0
BRDA:1192,98,1,0
BRDA:1196,99,0,0
BRDA:1196,99,1,0
BRDA:1198,100,0,0
BRDA:1198,100,1,0
BRDA:1230,101,0,0
BRDA:1230,102,0,0
BRDA:1230,102,1,0
BRDA:1239,103,0,0
BRDA:1242,104,0,0
BRDA:1245,105,0,0
BRDA:1245,105,1,0
BRDA:1252,106,0,0
BRDA:1254,107,0,0
BRDA:1256,108,0,0
BRDA:1258,109,0,0
BRDA:1258,109,1,0
BRDA:1271,110,0,0
BRDA:1271,110,1,0
BRDA:1281,111,0,0
BRDA:1284,112,0,0
BRDA:1284,112,1,0
BRF:195
BRH:0
end_of_record
TN:
SF:src/services/promptStore.ts
FN:318,(anonymous_0)
FN:325,(anonymous_1)
FN:341,(anonymous_2)
FN:354,(anonymous_3)
FN:367,(anonymous_4)
FN:386,(anonymous_5)
FN:389,(anonymous_6)
FN:401,(anonymous_7)
FN:404,(anonymous_8)
FN:413,(anonymous_9)
FN:425,(anonymous_10)
FN:427,(anonymous_11)
FN:431,(anonymous_12)
FN:438,(anonymous_13)
FN:443,(anonymous_14)
FN:444,(anonymous_15)
FN:448,(anonymous_16)
FN:450,(anonymous_17)
FN:453,(anonymous_18)
FNF:19
FNH:0
FNDA:0,(anonymous_0)
FNDA:0,(anonymous_1)
FNDA:0,(anonymous_2)
FNDA:0,(anonymous_3)
FNDA:0,(anonymous_4)
FNDA:0,(anonymous_5)
FNDA:0,(anonymous_6)
FNDA:0,(anonymous_7)
FNDA:0,(anonymous_8)
FNDA:0,(anonymous_9)
FNDA:0,(anonymous_10)
FNDA:0,(anonymous_11)
FNDA:0,(anonymous_12)
FNDA:0,(anonymous_13)
FNDA:0,(anonymous_14)
FNDA:0,(anonymous_15)
FNDA:0,(anonymous_16)
FNDA:0,(anonymous_17)
FNDA:0,(anonymous_18)
DA:34,0
DA:315,0
DA:318,0
DA:319,0
DA:321,0
DA:322,0
DA:323,0
DA:324,0
DA:325,0
DA:336,0
DA:340,0
DA:341,0
DA:354,0
DA:355,0
DA:356,0
DA:362,0
DA:367,0
DA:368,0
DA:376,0
DA:381,0
DA:382,0
DA:386,0
DA:387,0
DA:390,0
DA:396,0
DA:397,0
DA:401,0
DA:402,0
DA:404,0
DA:408,0
DA:409,0
DA:413,0
DA:414,0
DA:420,0
DA:421,0
DA:425,0
DA:426,0
DA:427,0
DA:430,0
DA:431,0
DA:434,0
DA:438,0
DA:439,0
DA:443,0
DA:444,0
DA:448,0
DA:449,0
DA:450,0
DA:451,0
DA:453,0
LF:50
LH:0
BRDA:321,0,0,0
BRDA:331,1,0,0
BRDA:331,1,1,0
BRDA:332,2,0,0
BRDA:332,2,1,0
BRDA:333,3,0,0
BRDA:333,3,1,0
BRDA:390,4,0,0
BRDA:390,4,1,0
BRDA:405,5,0,0
BRDA:405,5,1,0
BRDA:416,6,0,0
BRDA:416,6,1,0
BRDA:417,7,0,0
BRDA:417,7,1,0
BRDA:426,8,0,0
BRDA:427,9,0,0
BRDA:427,9,1,0
BRDA:430,10,0,0
BRDA:431,11,0,0
BRDA:431,11,1,0
BRDA:451,12,0,0
BRDA:451,12,1,0
BRDA:451,12,2,0
BRF:24
BRH:0
end_of_record
TN:
SF:src/services/voicePresets.ts
FN:90,(anonymous_0)
FN:95,(anonymous_1)
FN:100,(anonymous_2)
FNF:3
FNH:0
FNDA:0,(anonymous_0)
FNDA:0,(anonymous_1)
FNDA:0,(anonymous_2)
DA:21,0
DA:90,0
DA:91,0
DA:95,0
DA:96,0
DA:100,0
DA:101,0
LF:7
LH:0
BRDA:96,0,0,0
BRDA:96,0,1,0
BRF:2
BRH:0
end_of_record
TN:
SF:src/services/webCodecsProcessor.ts
FN:12,encodeWav
FN:25,(anonymous_1)
FN:66,(anonymous_2)
FNF:3
FNH:0
FNDA:0,encodeWav
FNDA:0,(anonymous_1)
FNDA:0,(anonymous_2)
DA:13,0
DA:14,0
DA:15,0
DA:16,0
DA:17,0
DA:18,0
DA:19,0
DA:20,0
DA:21,0
DA:22,0
DA:24,0
DA:25,0
DA:26,0
DA:27,0
DA:31,0
DA:32,0
DA:33,0
DA:34,0
DA:35,0
DA:36,0
DA:37,0
DA:38,0
DA:39,0
DA:40,0
DA:41,0
DA:42,0
DA:43,0
DA:46,0
DA:47,0
DA:48,0
DA:51,0
DA:52,0
DA:53,0
DA:54,0
DA:55,0
DA:59,0
DA:62,0
DA:67,0
DA:68,0
DA:69,0
DA:71,0
DA:72,0
DA:74,0
DA:75,0
DA:76,0
DA:77,0
DA:78,0
DA:79,0
DA:81,0
DA:86,0
DA:87,0
DA:88,0
DA:91,0
DA:92,0
DA:101,0
DA:102,0
LF:56
LH:0
BRDA:55,0,0,0
BRDA:55,0,1,0
BRDA:66,1,0,0
BRF:3
BRH:0
end_of_record
TN:
SF:src/types/index.ts
FNF:0
FNH:0
DA:226,0
DA:235,0
LF:2
LH:0
BRF:0
BRH:0
end_of_record
TN:
SF:src/utils/imageGenerator.ts
FN:29,(anonymous_0)
FN:59,(anonymous_1)
FN:88,(anonymous_2)
FN:113,(anonymous_3)
FN:120,(anonymous_4)
FN:128,(anonymous_5)
FN:153,(anonymous_6)
FN:182,(anonymous_7)
FN:194,(anonymous_8)
FN:219,(anonymous_9)
FN:262,(anonymous_10)
FN:315,(anonymous_11)
FN:329,(anonymous_12)
FN:334,(anonymous_13)
FNF:14
FNH:0
FNDA:0,(anonymous_0)
FNDA:0,(anonymous_1)
FNDA:0,(anonymous_2)
FNDA:0,(anonymous_3)
FNDA:0,(anonymous_4)
FNDA:0,(anonymous_5)
FNDA:0,(anonymous_6)
FNDA:0,(anonymous_7)
FNDA:0,(anonymous_8)
FNDA:0,(anonymous_9)
FNDA:0,(anonymous_10)
FNDA:0,(anonymous_11)
FNDA:0,(anonymous_12)
FNDA:0,(anonymous_13)
DA:25,0
DA:40,0
DA:42,0
DA:44,0
DA:47,0
DA:49,0
DA:51,0
DA:52,0
DA:66,0
DA:68,0
DA:89,0
DA:120,0
DA:122,0
DA:123,0
DA:126,0
DA:128,0
DA:129,0
DA:131,0
DA:132,0
DA:134,0
DA:135,0
DA:136,0
DA:139,0
DA:140,0
DA:143,0
DA:144,0
DA:145,0
DA:149,0
DA:152,0
DA:154,0
DA:155,0
DA:156,0
DA:160,0
DA:162,0
DA:171,0
DA:177,0
DA:178,0
DA:182,0
DA:183,0
DA:184,0
DA:187,0
DA:199,0
DA:200,0
DA:202,0
DA:203,0
DA:209,0
DA:210,0
DA:213,0
DA:224,0
DA:225,0
DA:226,0
DA:229,0
DA:230,0
DA:231,0
DA:232,0
DA:234,0
DA:235,0
DA:236,0
DA:239,0
DA:241,0
DA:242,0
DA:243,0
DA:246,0
DA:247,0
DA:252,0
DA:253,0
DA:256,0
DA:263,0
DA:264,0
DA:266,0
DA:316,0
DA:317,0
DA:318,0
DA:319,0
DA:320,0
DA:321,0
DA:322,0
DA:323,0
DA:331,0
DA:334,0
DA:335,0
DA:336,0
DA:342,0
LF:83
LH:0
BRDA:31,0,0,0
BRDA:34,1,0,0
BRDA:35,2,0,0
BRDA:36,3,0,0
BRDA:37,4,0,0
BRDA:38,5,0,0
BRDA:39,6,0,0
BRDA:52,7,0,0
BRDA:52,7,1,0
BRDA:134,8,0,0
BRDA:143,9,0,0
BRDA:154,10,0,0
BRDA:174,11,0,0
BRDA:174,11,1,0
BRDA:197,12,0,0
BRDA:205,13,0,0
BRDA:205,13,1,0
BRDA:206,14,0,0
BRDA:206,14,1,0
BRDA:224,15,0,0
BRDA:224,15,1,0
BRDA:239,16,0,0
BRDA:239,16,1,0
BRDA:239,17,0,0
BRDA:239,17,1,0
BRDA:252,18,0,0
BRDA:256,19,0,0
BRDA:256,19,1,0
BRDA:263,20,0,0
BRDA:263,20,1,0
BRDA:264,21,0,0
BRDA:264,21,1,0
BRF:32
BRH:0
end_of_record
